Log file open, 02/05/23 16:44:50
LogWindows: Failed to load 'aqProf.dll' (GetLastError=126)
LogWindows: File 'aqProf.dll' does not exist
LogWindows: Failed to load 'VtuneApi.dll' (GetLastError=126)
LogWindows: File 'VtuneApi.dll' does not exist
LogWindows: Failed to load 'VtuneApi32e.dll' (GetLastError=126)
LogWindows: File 'VtuneApi32e.dll' does not exist
LogConsoleResponse: Display: Failed to find resolution value strings in scalability ini. Falling back to default.
LogConsoleResponse: Display: Failed to find resolution value strings in scalability ini. Falling back to default.
LogInit: Display: Running engine for game: GameJam23
LogPlatformFile: Not using cached read wrapper
LogTaskGraph: Started task graph with 5 named threads and 35 total threads with 3 sets of task threads.
LogStats: Stats thread started at 0.228355
LogICUInternationalization: ICU TimeZone Detection - Raw Offset: +1:00, Platform Override: ''
LogInit: Display: Loading text-based GConfig....
LogPluginManager: Mounting plugin MeshPainting
LogPluginManager: Mounting plugin XGEController
LogPluginManager: Mounting plugin Paper2D
LogPluginManager: Mounting plugin CameraShakePreviewer
LogPluginManager: Mounting plugin LiveLink
LogPluginManager: Mounting plugin GameplayCameras
LogPluginManager: Mounting plugin OodleData
LogPluginManager: Mounting plugin OodleNetwork
LogPluginManager: Mounting plugin AnimationSharing
LogPluginManager: Mounting plugin CLionSourceCodeAccess
LogPluginManager: Mounting plugin CodeLiteSourceCodeAccess
LogPluginManager: Mounting plugin GitSourceControl
LogPluginManager: Mounting plugin KDevelopSourceCodeAccess
LogPluginManager: Mounting plugin NullSourceCodeAccess
LogPluginManager: Mounting plugin PerforceSourceControl
LogPluginManager: Mounting plugin PixWinPlugin
LogPluginManager: Mounting plugin PlasticSourceControl
LogPluginManager: Mounting plugin PropertyAccessNode
LogPluginManager: Mounting plugin PluginUtils
LogPluginManager: Mounting plugin RiderSourceCodeAccess
LogPluginManager: Mounting plugin SubversionSourceControl
LogPluginManager: Mounting plugin TextureFormatOodle
LogPluginManager: Mounting plugin AssetManagerEditor
LogPluginManager: Mounting plugin UObjectPlugin
LogPluginManager: Mounting plugin VisualStudioCodeSourceCodeAccess
LogPluginManager: Mounting plugin VisualStudioSourceCodeAccess
LogPluginManager: Mounting plugin XCodeSourceCodeAccess
LogPluginManager: Mounting plugin CryptoKeys
LogPluginManager: Mounting plugin CurveEditorTools
LogPluginManager: Mounting plugin DataValidation
LogPluginManager: Mounting plugin FacialAnimation
LogPluginManager: Mounting plugin GameplayTagsEditor
LogPluginManager: Mounting plugin GeometryMode
LogPluginManager: Mounting plugin MacGraphicsSwitching
LogPluginManager: Mounting plugin MaterialAnalyzer
LogPluginManager: Mounting plugin MobileLauncherProfileWizard
LogPluginManager: Mounting plugin SpeedTreeImporter
LogPluginManager: Mounting plugin DatasmithContent
LogPluginManager: Mounting plugin PluginBrowser
LogPluginManager: Mounting plugin Niagara
LogPluginManager: Mounting plugin VariantManagerContent
LogPluginManager: Mounting plugin AlembicImporter
LogPluginManager: Mounting plugin AutomationUtils
LogPluginManager: Mounting plugin BackChannel
LogPluginManager: Mounting plugin ChaosCloth
LogPluginManager: Mounting plugin ChaosEditor
LogPluginManager: Mounting plugin ChaosClothEditor
LogPluginManager: Mounting plugin ChaosNiagara
LogPluginManager: Mounting plugin ChaosSolverPlugin
LogPluginManager: Mounting plugin CharacterAI
LogPluginManager: Mounting plugin LuminPlatformFeatures
LogPluginManager: Mounting plugin MagicLeap
LogPluginManager: Mounting plugin GeometryCache
LogPluginManager: Mounting plugin GeometryCollectionPlugin
LogPluginManager: Mounting plugin GeometryProcessing
LogPluginManager: Mounting plugin MagicLeapLightEstimation
LogPluginManager: Mounting plugin MagicLeapMedia
LogPluginManager: Mounting plugin MagicLeapPassableWorld
LogPluginManager: Mounting plugin MotoSynth
LogPluginManager: Mounting plugin OpenImageDenoise
LogPluginManager: Mounting plugin MLSDK
LogPluginManager: Mounting plugin PlanarCut
LogPluginManager: Mounting plugin PlatformCrypto
LogPluginManager: Mounting plugin ProxyLODPlugin
LogPluginManager: Mounting plugin PythonScriptPlugin
LogPluginManager: Mounting plugin SkeletalReduction
LogPluginManager: Mounting plugin AndroidMedia
LogPluginManager: Mounting plugin AvfMedia
LogPluginManager: Mounting plugin ImgMedia
LogPluginManager: Mounting plugin MediaCompositing
LogPluginManager: Mounting plugin MediaPlayerEditor
LogPluginManager: Mounting plugin WebMMedia
LogPluginManager: Mounting plugin WmfMedia
LogPluginManager: Mounting plugin TcpMessaging
LogPluginManager: Mounting plugin UdpMessaging
LogPluginManager: Mounting plugin ActorSequence
LogPluginManager: Mounting plugin LevelSequenceEditor
LogPluginManager: Mounting plugin MatineeToLevelSequence
LogPluginManager: Mounting plugin TemplateSequence
LogPluginManager: Mounting plugin OnlineSubsystem
LogPluginManager: Mounting plugin OnlineSubsystemNull
LogPluginManager: Mounting plugin LauncherChunkInstaller
LogPluginManager: Mounting plugin OnlineSubsystemUtils
LogPluginManager: Mounting plugin ActorLayerUtilities
LogPluginManager: Mounting plugin AndroidDeviceProfileSelector
LogPluginManager: Mounting plugin AndroidMoviePlayer
LogPluginManager: Mounting plugin AndroidPermission
LogPluginManager: Mounting plugin AppleImageUtils
LogPluginManager: Mounting plugin AppleMoviePlayer
LogPluginManager: Mounting plugin ArchVisCharacter
LogPluginManager: Mounting plugin AssetTags
LogPluginManager: Mounting plugin AudioCapture
LogPluginManager: Mounting plugin AudioSynesthesia
LogPluginManager: Mounting plugin CableComponent
LogPluginManager: Mounting plugin ChunkDownloader
LogPluginManager: Mounting plugin CustomMeshComponent
LogPluginManager: Mounting plugin EditableMesh
LogPluginManager: Mounting plugin ExampleDeviceProfileSelector
LogPluginManager: Mounting plugin GoogleCloudMessaging
LogPluginManager: Mounting plugin GooglePAD
LogPluginManager: Mounting plugin IOSDeviceProfileSelector
LogPluginManager: Mounting plugin LinuxDeviceProfileSelector
LogPluginManager: Mounting plugin LocationServicesBPLibrary
LogPluginManager: Mounting plugin MobilePatchingUtils
LogPluginManager: Mounting plugin OpenXR
LogPluginManager: Mounting plugin OpenXREyeTracker
LogPluginManager: Mounting plugin OpenXRHandTracking
LogPluginManager: Mounting plugin PhysXVehicles
LogPluginManager: Mounting plugin PostSplashScreen
LogPluginManager: Mounting plugin ProceduralMeshComponent
LogPluginManager: Mounting plugin PropertyAccessEditor
LogPluginManager: Mounting plugin RuntimePhysXCooking
LogPluginManager: Mounting plugin SoundFields
LogPluginManager: Mounting plugin SignificanceManager
LogPluginManager: Mounting plugin Synthesis
LogPluginManager: Mounting plugin WebMMoviePlayer
LogPluginManager: Mounting plugin WindowsMoviePlayer
LogPluginManager: Mounting plugin ScreenshotTools
LogPluginManager: Mounting plugin AISupport
LogPluginManager: Mounting plugin Takes
LogPluginManager: Mounting plugin EnvironmentQueryEditor
LogPluginManager: Mounting plugin LightPropagationVolume
LogPluginManager: Mounting plugin ContentBrowserAssetDataSource
LogPluginManager: Mounting plugin ContentBrowserClassDataSource
LogPluginManager: Mounting plugin ContentBrowserFileDataSource
LogPluginManager: Mounting plugin OnlineSubsystemGooglePlay
LogPluginManager: Mounting plugin OnlineSubsystemIOS
LogPluginManager: Mounting plugin OculusVR
LogPluginManager: Mounting plugin SteamVR
PixWinPlugin: PIX capture plugin failed to initialize! Check that the process is launched from PIX.
LogInit: Using libcurl 7.55.1-DEV
LogInit:  - built for x86_64-pc-win32
LogInit:  - supports SSL with OpenSSL/1.1.1
LogInit:  - supports HTTP deflate (compression) using libz 1.2.8
LogInit:  - other features:
LogInit:      CURL_VERSION_SSL
LogInit:      CURL_VERSION_LIBZ
LogInit:      CURL_VERSION_IPV6
LogInit:      CURL_VERSION_ASYNCHDNS
LogInit:      CURL_VERSION_LARGEFILE
LogInit:      CURL_VERSION_IDN
LogInit:  CurlRequestOptions (configurable via config and command line):
LogInit:  - bVerifyPeer = true  - Libcurl will verify peer certificate
LogInit:  - bUseHttpProxy = false  - Libcurl will NOT use HTTP proxy
LogInit:  - bDontReuseConnections = false  - Libcurl will reuse connections
LogInit:  - MaxHostConnections = 16  - Libcurl will limit the number of connections to a host
LogInit:  - LocalHostAddr = Default
LogInit:  - BufferSize = 65536
LogOnline: OSS: Creating online subsystem instance for: NULL
LogInit: WinSock: version 1.1 (2.2), MaxSocks=32767, MaxUdp=65467
LogOnline: OSS: TryLoadSubsystemAndSetDefault: Loaded subsystem for module [NULL]
LogOculusPluginWrapper: OculusPlugin initialized successfully
LogHMD: Failed initializing OVRPlugin 1.59.0
LogInit: Build: ++UE4+Release-4.27-CL-18319896
LogInit: Engine Version: 4.27.2-18319896+++UE4+Release-4.27
LogInit: Compatible Engine Version: 4.27.0-17155196+++UE4+Release-4.27
LogInit: Net CL: 17155196
LogInit: OS: Windows 10 (Release 2009) (), CPU: AMD Ryzen 5 3600X 6-Core Processor             , GPU: NVIDIA GeForce GTX 1660
LogInit: Compiled (64-bit): Nov 30 2021 07:12:08
LogInit: Compiled with Visual C++: 19.24.28315.00
LogInit: Build Configuration: Development
LogInit: Branch Name: ++UE4+Release-4.27
LogInit: Command Line: 
LogInit: Base Directory: D:/Saved Games/UE_4.27/Engine/Binaries/Win64/
LogInit: Allocator: TBB
LogInit: Installed Engine Build: 1
LogDevObjectVersion: Number of dev versions registered: 29
LogDevObjectVersion:   Dev-Blueprints (B0D832E4-1F89-4F0D-ACCF-7EB736FD4AA2): 10
LogDevObjectVersion:   Dev-Build (E1C64328-A22C-4D53-A36C-8E866417BD8C): 0
LogDevObjectVersion:   Dev-Core (375EC13C-06E4-48FB-B500-84F0262A717E): 4
LogDevObjectVersion:   Dev-Editor (E4B068ED-F494-42E9-A231-DA0B2E46BB41): 40
LogDevObjectVersion:   Dev-Framework (CFFC743F-43B0-4480-9391-14DF171D2073): 37
LogDevObjectVersion:   Dev-Mobile (B02B49B5-BB20-44E9-A304-32B752E40360): 3
LogDevObjectVersion:   Dev-Networking (A4E4105C-59A1-49B5-A7C5-40C4547EDFEE): 0
LogDevObjectVersion:   Dev-Online (39C831C9-5AE6-47DC-9A44-9C173E1C8E7C): 0
LogDevObjectVersion:   Dev-Physics (78F01B33-EBEA-4F98-B9B4-84EACCB95AA2): 14
LogDevObjectVersion:   Dev-Platform (6631380F-2D4D-43E0-8009-CF276956A95A): 0
LogDevObjectVersion:   Dev-Rendering (12F88B9F-8875-4AFC-A67C-D90C383ABD29): 45
LogDevObjectVersion:   Dev-Sequencer (7B5AE74C-D270-4C10-A958-57980B212A5A): 13
LogDevObjectVersion:   Dev-VR (D7296918-1DD6-4BDD-9DE2-64A83CC13884): 3
LogDevObjectVersion:   Dev-LoadTimes (C2A15278-BFE7-4AFE-6C17-90FF531DF755): 1
LogDevObjectVersion:   Private-Geometry (6EACA3D4-40EC-4CC1-B786-8BED09428FC5): 3
LogDevObjectVersion:   Dev-AnimPhys (29E575DD-E0A3-4627-9D10-D276232CDCEA): 17
LogDevObjectVersion:   Dev-Anim (AF43A65D-7FD3-4947-9873-3E8ED9C1BB05): 15
LogDevObjectVersion:   Dev-ReflectionCapture (6B266CEC-1EC7-4B8F-A30B-E4D90942FC07): 1
LogDevObjectVersion:   Dev-Automation (0DF73D61-A23F-47EA-B727-89E90C41499A): 1
LogDevObjectVersion:   FortniteMain (601D1886-AC64-4F84-AA16-D3DE0DEAC7D6): 47
LogDevObjectVersion:   FortniteRelease (E7086368-6B23-4C58-8439-1B7016265E91): 1
LogDevObjectVersion:   Dev-Enterprise (9DFFBCD6-494F-0158-E221-12823C92A888): 10
LogDevObjectVersion:   Dev-Niagara (F2AED0AC-9AFE-416F-8664-AA7FFA26D6FC): 1
LogDevObjectVersion:   Dev-Destruction (174F1F0B-B4C6-45A5-B13F-2EE8D0FB917D): 10
LogDevObjectVersion:   Dev-Physics-Ext (35F94A83-E258-406C-A318-09F59610247C): 41
LogDevObjectVersion:   Dev-PhysicsMaterial-Chaos (B68FC16E-8B1B-42E2-B453-215C058844FE): 1
LogDevObjectVersion:   Dev-CineCamera (B2E18506-4273-CFC2-A54E-F4BB758BBA07): 1
LogDevObjectVersion:   Dev-VirtualProduction (64F58936-FD1B-42BA-BA96-7289D5D0FA4E): 1
LogDevObjectVersion:   Dev-MediaFramework (6F0ED827-A609-4895-9C91-998D90180EA4): 2
LogInit: Presizing for max 25165824 objects, including 0 objects not considered by GC, pre-allocating 0 bytes for permanent pool.
LogConfig: Applying CVar settings from Section [/Script/Engine.StreamingSettings] File [D:/Documents/GitHub/TeamNameMissing/GameJam23/Saved/Config/Windows/Engine.ini]
LogConfig: Setting CVar [[s.MinBulkDataSizeForAsyncLoading:131072]]
LogConfig: Setting CVar [[s.AsyncLoadingThreadEnabled:0]]
LogConfig: Setting CVar [[s.EventDrivenLoaderEnabled:1]]
LogConfig: Setting CVar [[s.WarnIfTimeLimitExceeded:0]]
LogConfig: Setting CVar [[s.TimeLimitExceededMultiplier:1.5]]
LogConfig: Setting CVar [[s.TimeLimitExceededMinTime:0.005]]
LogConfig: Setting CVar [[s.UseBackgroundLevelStreaming:1]]
LogConfig: Setting CVar [[s.PriorityAsyncLoadingExtraTime:15.0]]
LogConfig: Setting CVar [[s.LevelStreamingActorsUpdateTimeLimit:5.0]]
LogConfig: Setting CVar [[s.PriorityLevelStreamingActorsUpdateExtraTime:5.0]]
LogConfig: Setting CVar [[s.LevelStreamingComponentsRegistrationGranularity:10]]
LogConfig: Setting CVar [[s.UnregisterComponentsTimeLimit:1.0]]
LogConfig: Setting CVar [[s.LevelStreamingComponentsUnregistrationGranularity:5]]
LogConfig: Setting CVar [[s.FlushStreamingOnExit:1]]
LogInit: Object subsystem initialized
LogConfig: Setting CVar [[con.DebugEarlyDefault:1]]
LogConfig: Setting CVar [[r.setres:1280x720]]
[2023.02.05-15.44.51:697][  0]LogConfig: Setting CVar [[r.VSync:0]]
[2023.02.05-15.44.51:697][  0]LogConfig: Setting CVar [[r.RHICmdBypass:0]]
[2023.02.05-15.44.51:697][  0]LogConfig: Applying CVar settings from Section [/Script/Engine.RendererSettings] File [D:/Documents/GitHub/TeamNameMissing/GameJam23/Saved/Config/Windows/Engine.ini]
[2023.02.05-15.44.51:697][  0]LogConfig: Setting CVar [[r.GPUCrashDebugging:0]]
[2023.02.05-15.44.51:697][  0]LogConfig: Applying CVar settings from Section [/Script/Engine.RendererOverrideSettings] File [D:/Documents/GitHub/TeamNameMissing/GameJam23/Saved/Config/Windows/Engine.ini]
[2023.02.05-15.44.51:697][  0]LogConfig: Applying CVar settings from Section [/Script/Engine.StreamingSettings] File [D:/Documents/GitHub/TeamNameMissing/GameJam23/Saved/Config/Windows/Engine.ini]
[2023.02.05-15.44.51:697][  0]LogConfig: Setting CVar [[s.MinBulkDataSizeForAsyncLoading:131072]]
[2023.02.05-15.44.51:697][  0]LogConfig: Setting CVar [[s.AsyncLoadingThreadEnabled:0]]
[2023.02.05-15.44.51:697][  0]LogConfig: Setting CVar [[s.EventDrivenLoaderEnabled:1]]
[2023.02.05-15.44.51:697][  0]LogConfig: Setting CVar [[s.WarnIfTimeLimitExceeded:0]]
[2023.02.05-15.44.51:697][  0]LogConfig: Setting CVar [[s.TimeLimitExceededMultiplier:1.5]]
[2023.02.05-15.44.51:697][  0]LogConfig: Setting CVar [[s.TimeLimitExceededMinTime:0.005]]
[2023.02.05-15.44.51:697][  0]LogConfig: Setting CVar [[s.UseBackgroundLevelStreaming:1]]
[2023.02.05-15.44.51:697][  0]LogConfig: Setting CVar [[s.PriorityAsyncLoadingExtraTime:15.0]]
[2023.02.05-15.44.51:697][  0]LogConfig: Setting CVar [[s.LevelStreamingActorsUpdateTimeLimit:5.0]]
[2023.02.05-15.44.51:697][  0]LogConfig: Setting CVar [[s.PriorityLevelStreamingActorsUpdateExtraTime:5.0]]
[2023.02.05-15.44.51:698][  0]LogConfig: Setting CVar [[s.LevelStreamingComponentsRegistrationGranularity:10]]
[2023.02.05-15.44.51:698][  0]LogConfig: Setting CVar [[s.UnregisterComponentsTimeLimit:1.0]]
[2023.02.05-15.44.51:698][  0]LogConfig: Setting CVar [[s.LevelStreamingComponentsUnregistrationGranularity:5]]
[2023.02.05-15.44.51:698][  0]LogConfig: Setting CVar [[s.FlushStreamingOnExit:1]]
[2023.02.05-15.44.51:698][  0]LogConfig: Applying CVar settings from Section [/Script/Engine.GarbageCollectionSettings] File [D:/Documents/GitHub/TeamNameMissing/GameJam23/Saved/Config/Windows/Engine.ini]
[2023.02.05-15.44.51:698][  0]LogConfig: Setting CVar [[gc.MaxObjectsNotConsideredByGC:1]]
[2023.02.05-15.44.51:698][  0]LogConfig: Setting CVar [[gc.SizeOfPermanentObjectPool:0]]
[2023.02.05-15.44.51:698][  0]LogConfig: Setting CVar [[gc.FlushStreamingOnGC:0]]
[2023.02.05-15.44.51:698][  0]LogConfig: Setting CVar [[gc.NumRetriesBeforeForcingGC:10]]
[2023.02.05-15.44.51:698][  0]LogConfig: Setting CVar [[gc.AllowParallelGC:1]]
[2023.02.05-15.44.51:698][  0]LogConfig: Setting CVar [[gc.TimeBetweenPurgingPendingKillObjects:61.1]]
[2023.02.05-15.44.51:698][  0]LogConfig: Setting CVar [[gc.MaxObjectsInEditor:25165824]]
[2023.02.05-15.44.51:698][  0]LogConfig: Setting CVar [[gc.IncrementalBeginDestroyEnabled:1]]
[2023.02.05-15.44.51:698][  0]LogConfig: Setting CVar [[gc.CreateGCClusters:1]]
[2023.02.05-15.44.51:698][  0]LogConfig: Setting CVar [[gc.MinGCClusterSize:5]]
[2023.02.05-15.44.51:698][  0]LogConfig: Setting CVar [[gc.ActorClusteringEnabled:0]]
[2023.02.05-15.44.51:698][  0]LogConfig: Setting CVar [[gc.BlueprintClusteringEnabled:0]]
[2023.02.05-15.44.51:698][  0]LogConfig: Setting CVar [[gc.UseDisregardForGCOnDedicatedServers:0]]
[2023.02.05-15.44.51:698][  0]LogConfig: Setting CVar [[gc.MultithreadedDestructionEnabled:1]]
[2023.02.05-15.44.51:698][  0]LogConfig: Applying CVar settings from Section [/Script/Engine.NetworkSettings] File [D:/Documents/GitHub/TeamNameMissing/GameJam23/Saved/Config/Windows/Engine.ini]
[2023.02.05-15.44.51:698][  0]LogConfig: Applying CVar settings from Section [/Script/UnrealEd.CookerSettings] File [D:/Documents/GitHub/TeamNameMissing/GameJam23/Saved/Config/Windows/Engine.ini]
[2023.02.05-15.44.51:723][  0]LogConfig: Applying CVar settings from Section [ViewDistanceQuality@3] File [D:/Documents/GitHub/TeamNameMissing/GameJam23/Saved/Config/Windows/Scalability.ini]
[2023.02.05-15.44.51:723][  0]LogConfig: Setting CVar [[r.SkeletalMeshLODBias:0]]
[2023.02.05-15.44.51:723][  0]LogConfig: Setting CVar [[r.ViewDistanceScale:1.0]]
[2023.02.05-15.44.51:723][  0]LogConfig: Applying CVar settings from Section [AntiAliasingQuality@3] File [D:/Documents/GitHub/TeamNameMissing/GameJam23/Saved/Config/Windows/Scalability.ini]
[2023.02.05-15.44.51:723][  0]LogConfig: Setting CVar [[r.PostProcessAAQuality:4]]
[2023.02.05-15.44.51:723][  0]LogConfig: Applying CVar settings from Section [ShadowQuality@3] File [D:/Documents/GitHub/TeamNameMissing/GameJam23/Saved/Config/Windows/Scalability.ini]
[2023.02.05-15.44.51:723][  0]LogConfig: Setting CVar [[r.LightFunctionQuality:1]]
[2023.02.05-15.44.51:723][  0]LogConfig: Setting CVar [[r.ShadowQuality:5]]
[2023.02.05-15.44.51:723][  0]LogConfig: Setting CVar [[r.Shadow.CSM.MaxCascades:10]]
[2023.02.05-15.44.51:723][  0]LogConfig: Setting CVar [[r.Shadow.MaxResolution:2048]]
[2023.02.05-15.44.51:723][  0]LogConfig: Setting CVar [[r.Shadow.MaxCSMResolution:2048]]
[2023.02.05-15.44.51:723][  0]LogConfig: Setting CVar [[r.Shadow.RadiusThreshold:0.01]]
[2023.02.05-15.44.51:723][  0]LogConfig: Setting CVar [[r.Shadow.DistanceScale:1.0]]
[2023.02.05-15.44.51:723][  0]LogConfig: Setting CVar [[r.Shadow.CSM.TransitionScale:1.0]]
[2023.02.05-15.44.51:723][  0]LogConfig: Setting CVar [[r.Shadow.PreShadowResolutionFactor:1.0]]
[2023.02.05-15.44.51:723][  0]LogConfig: Setting CVar [[r.DistanceFieldShadowing:1]]
[2023.02.05-15.44.51:723][  0]LogConfig: Setting CVar [[r.DistanceFieldAO:1]]
[2023.02.05-15.44.51:723][  0]LogConfig: Setting CVar [[r.AOQuality:2]]
[2023.02.05-15.44.51:723][  0]LogConfig: Setting CVar [[r.VolumetricFog:1]]
[2023.02.05-15.44.51:723][  0]LogConfig: Setting CVar [[r.VolumetricFog.GridPixelSize:8]]
[2023.02.05-15.44.51:723][  0]LogConfig: Setting CVar [[r.VolumetricFog.GridSizeZ:128]]
[2023.02.05-15.44.51:723][  0]LogConfig: Setting CVar [[r.VolumetricFog.HistoryMissSupersampleCount:4]]
[2023.02.05-15.44.51:723][  0]LogConfig: Setting CVar [[r.LightMaxDrawDistanceScale:1]]
[2023.02.05-15.44.51:723][  0]LogConfig: Setting CVar [[r.CapsuleShadows:1]]
[2023.02.05-15.44.51:723][  0]LogConfig: Applying CVar settings from Section [PostProcessQuality@3] File [D:/Documents/GitHub/TeamNameMissing/GameJam23/Saved/Config/Windows/Scalability.ini]
[2023.02.05-15.44.51:723][  0]LogConfig: Setting CVar [[r.MotionBlurQuality:4]]
[2023.02.05-15.44.51:723][  0]LogConfig: Setting CVar [[r.AmbientOcclusionMipLevelFactor:0.4]]
[2023.02.05-15.44.51:723][  0]LogConfig: Setting CVar [[r.AmbientOcclusionMaxQuality:100]]
[2023.02.05-15.44.51:723][  0]LogConfig: Setting CVar [[r.AmbientOcclusionLevels:-1]]
[2023.02.05-15.44.51:723][  0]LogConfig: Setting CVar [[r.AmbientOcclusionRadiusScale:1.0]]
[2023.02.05-15.44.51:723][  0]LogConfig: Setting CVar [[r.DepthOfFieldQuality:2]]
[2023.02.05-15.44.51:723][  0]LogConfig: Setting CVar [[r.RenderTargetPoolMin:400]]
[2023.02.05-15.44.51:723][  0]LogConfig: Setting CVar [[r.LensFlareQuality:2]]
[2023.02.05-15.44.51:723][  0]LogConfig: Setting CVar [[r.SceneColorFringeQuality:1]]
[2023.02.05-15.44.51:723][  0]LogConfig: Setting CVar [[r.EyeAdaptationQuality:2]]
[2023.02.05-15.44.51:723][  0]LogConfig: Setting CVar [[r.BloomQuality:5]]
[2023.02.05-15.44.51:723][  0]LogConfig: Setting CVar [[r.FastBlurThreshold:100]]
[2023.02.05-15.44.51:723][  0]LogConfig: Setting CVar [[r.Upscale.Quality:3]]
[2023.02.05-15.44.51:723][  0]LogConfig: Setting CVar [[r.Tonemapper.GrainQuantization:1]]
[2023.02.05-15.44.51:723][  0]LogConfig: Setting CVar [[r.LightShaftQuality:1]]
[2023.02.05-15.44.51:723][  0]LogConfig: Setting CVar [[r.Filter.SizeScale:1]]
[2023.02.05-15.44.51:723][  0]LogConfig: Setting CVar [[r.Tonemapper.Quality:5]]
[2023.02.05-15.44.51:723][  0]LogConfig: Setting CVar [[r.DOF.Gather.AccumulatorQuality:1        ; higher gathering accumulator quality]]
[2023.02.05-15.44.51:723][  0]LogConfig: Setting CVar [[r.DOF.Gather.PostfilterMethod:1          ; Median3x3 postfilering method]]
[2023.02.05-15.44.51:724][  0]LogConfig: Setting CVar [[r.DOF.Gather.EnableBokehSettings:0       ; no bokeh simulation when gathering]]
[2023.02.05-15.44.51:724][  0]LogConfig: Setting CVar [[r.DOF.Gather.RingCount:4                 ; medium number of samples when gathering]]
[2023.02.05-15.44.51:724][  0]LogConfig: Setting CVar [[r.DOF.Scatter.ForegroundCompositing:1    ; additive foreground scattering]]
[2023.02.05-15.44.51:724][  0]LogConfig: Setting CVar [[r.DOF.Scatter.BackgroundCompositing:2    ; additive background scattering]]
[2023.02.05-15.44.51:724][  0]LogConfig: Setting CVar [[r.DOF.Scatter.EnableBokehSettings:1      ; bokeh simulation when scattering]]
[2023.02.05-15.44.51:724][  0]LogConfig: Setting CVar [[r.DOF.Scatter.MaxSpriteRatio:0.1         ; only a maximum of 10% of scattered bokeh]]
[2023.02.05-15.44.51:724][  0]LogConfig: Setting CVar [[r.DOF.Recombine.Quality:1                ; cheap slight out of focus]]
[2023.02.05-15.44.51:724][  0]LogConfig: Setting CVar [[r.DOF.Recombine.EnableBokehSettings:0    ; no bokeh simulation on slight out of focus]]
[2023.02.05-15.44.51:724][  0]LogConfig: Setting CVar [[r.DOF.TemporalAAQuality:1                ; more stable temporal accumulation]]
[2023.02.05-15.44.51:724][  0]LogConfig: Setting CVar [[r.DOF.Kernel.MaxForegroundRadius:0.025]]
[2023.02.05-15.44.51:724][  0]LogConfig: Setting CVar [[r.DOF.Kernel.MaxBackgroundRadius:0.025]]
[2023.02.05-15.44.51:724][  0]LogConfig: Applying CVar settings from Section [TextureQuality@3] File [D:/Documents/GitHub/TeamNameMissing/GameJam23/Saved/Config/Windows/Scalability.ini]
[2023.02.05-15.44.51:724][  0]LogConfig: Setting CVar [[r.Streaming.MipBias:0]]
[2023.02.05-15.44.51:724][  0]LogConfig: Setting CVar [[r.Streaming.AmortizeCPUToGPUCopy:0]]
[2023.02.05-15.44.51:724][  0]LogConfig: Setting CVar [[r.Streaming.MaxNumTexturesToStreamPerFrame:0]]
[2023.02.05-15.44.51:724][  0]LogConfig: Setting CVar [[r.Streaming.Boost:1]]
[2023.02.05-15.44.51:724][  0]LogConfig: Setting CVar [[r.MaxAnisotropy:8]]
[2023.02.05-15.44.51:724][  0]LogConfig: Setting CVar [[r.VT.MaxAnisotropy:8]]
[2023.02.05-15.44.51:724][  0]LogConfig: Setting CVar [[r.Streaming.LimitPoolSizeToVRAM:0]]
[2023.02.05-15.44.51:724][  0]LogConfig: Setting CVar [[r.Streaming.PoolSize:1000]]
[2023.02.05-15.44.51:724][  0]LogConfig: Setting CVar [[r.Streaming.MaxEffectiveScreenSize:0]]
[2023.02.05-15.44.51:724][  0]LogConfig: Applying CVar settings from Section [EffectsQuality@3] File [D:/Documents/GitHub/TeamNameMissing/GameJam23/Saved/Config/Windows/Scalability.ini]
[2023.02.05-15.44.51:724][  0]LogConfig: Setting CVar [[r.TranslucencyLightingVolumeDim:64]]
[2023.02.05-15.44.51:724][  0]LogConfig: Setting CVar [[r.RefractionQuality:2]]
[2023.02.05-15.44.51:724][  0]LogConfig: Setting CVar [[r.SSR.Quality:3]]
[2023.02.05-15.44.51:724][  0]LogConfig: Setting CVar [[r.SSR.HalfResSceneColor:0]]
[2023.02.05-15.44.51:724][  0]LogConfig: Setting CVar [[r.SceneColorFormat:4]]
[2023.02.05-15.44.51:724][  0]LogConfig: Setting CVar [[r.DetailMode:2]]
[2023.02.05-15.44.51:724][  0]LogConfig: Setting CVar [[r.TranslucencyVolumeBlur:1]]
[2023.02.05-15.44.51:724][  0]LogConfig: Setting CVar [[r.MaterialQualityLevel:1 ; High quality]]
[2023.02.05-15.44.51:724][  0]LogConfig: Setting CVar [[r.AnisotropicMaterials:1]]
[2023.02.05-15.44.51:724][  0]LogConfig: Setting CVar [[r.SSS.Scale:1]]
[2023.02.05-15.44.51:724][  0]LogConfig: Setting CVar [[r.SSS.SampleSet:2]]
[2023.02.05-15.44.51:724][  0]LogConfig: Setting CVar [[r.SSS.Quality:1]]
[2023.02.05-15.44.51:724][  0]LogConfig: Setting CVar [[r.SSS.HalfRes:0]]
[2023.02.05-15.44.51:724][  0]LogConfig: Setting CVar [[r.SSGI.Quality:3]]
[2023.02.05-15.44.51:724][  0]LogConfig: Setting CVar [[r.EmitterSpawnRateScale:1.0]]
[2023.02.05-15.44.51:724][  0]LogConfig: Setting CVar [[r.ParticleLightQuality:2]]
[2023.02.05-15.44.51:724][  0]LogConfig: Setting CVar [[r.SkyAtmosphere.AerialPerspectiveLUT.FastApplyOnOpaque:1 ; Always have FastSkyLUT 1 in this case to avoid wrong sky]]
[2023.02.05-15.44.51:724][  0]LogConfig: Setting CVar [[r.SkyAtmosphere.AerialPerspectiveLUT.SampleCountMaxPerSlice:4]]
[2023.02.05-15.44.51:724][  0]LogConfig: Setting CVar [[r.SkyAtmosphere.AerialPerspectiveLUT.DepthResolution:16.0]]
[2023.02.05-15.44.51:724][  0]LogConfig: Setting CVar [[r.SkyAtmosphere.FastSkyLUT:1]]
[2023.02.05-15.44.51:724][  0]LogConfig: Setting CVar [[r.SkyAtmosphere.FastSkyLUT.SampleCountMin:4.0]]
[2023.02.05-15.44.51:724][  0]LogConfig: Setting CVar [[r.SkyAtmosphere.FastSkyLUT.SampleCountMax:128.0]]
[2023.02.05-15.44.51:724][  0]LogConfig: Setting CVar [[r.SkyAtmosphere.SampleCountMin:4.0]]
[2023.02.05-15.44.51:724][  0]LogConfig: Setting CVar [[r.SkyAtmosphere.SampleCountMax:128.0]]
[2023.02.05-15.44.51:724][  0]LogConfig: Setting CVar [[r.SkyAtmosphere.TransmittanceLUT.UseSmallFormat:0]]
[2023.02.05-15.44.51:724][  0]LogConfig: Setting CVar [[r.SkyAtmosphere.TransmittanceLUT.SampleCount:10.0]]
[2023.02.05-15.44.51:724][  0]LogConfig: Setting CVar [[r.SkyAtmosphere.MultiScatteringLUT.SampleCount:15.0]]
[2023.02.05-15.44.51:724][  0]LogConfig: Setting CVar [[r.SkyLight.RealTimeReflectionCapture:1]]
[2023.02.05-15.44.51:724][  0]LogConfig: Applying CVar settings from Section [FoliageQuality@3] File [D:/Documents/GitHub/TeamNameMissing/GameJam23/Saved/Config/Windows/Scalability.ini]
[2023.02.05-15.44.51:724][  0]LogConfig: Setting CVar [[foliage.DensityScale:1.0]]
[2023.02.05-15.44.51:724][  0]LogConfig: Setting CVar [[grass.DensityScale:1.0]]
[2023.02.05-15.44.51:724][  0]LogConfig: Applying CVar settings from Section [ShadingQuality@3] File [D:/Documents/GitHub/TeamNameMissing/GameJam23/Saved/Config/Windows/Scalability.ini]
[2023.02.05-15.44.51:724][  0]LogConfig: Setting CVar [[r.HairStrands.SkyLighting.IntegrationType:2]]
[2023.02.05-15.44.51:724][  0]LogConfig: Setting CVar [[r.HairStrands.SkyAO.SampleCount:4]]
[2023.02.05-15.44.51:724][  0]LogConfig: Setting CVar [[r.HairStrands.Visibility.MSAA.SamplePerPixel:4]]
[2023.02.05-15.44.51:724][  0]LogInit: Selected Device Profile: [Windows]
[2023.02.05-15.44.51:724][  0]LogInit: Applying CVar settings loaded from the selected device profile: [Windows]
[2023.02.05-15.44.51:724][  0]LogHAL: Display: Platform has ~ 16 GB [17126645760 / 17179869184 / 16], which maps to Larger [LargestMinGB=32, LargerMinGB=12, DefaultMinGB=8, SmallerMinGB=6, SmallestMinGB=0)
[2023.02.05-15.44.51:724][  0]LogInit: Going up to parent DeviceProfile []
[2023.02.05-15.44.51:724][  0]LogConfig: Applying CVar settings from Section [ViewDistanceQuality@3] File [D:/Documents/GitHub/TeamNameMissing/GameJam23/Saved/Config/Windows/Scalability.ini]
[2023.02.05-15.44.51:724][  0]LogConfig: Setting CVar [[r.SkeletalMeshLODBias:0]]
[2023.02.05-15.44.51:724][  0]LogConfig: Setting CVar [[r.ViewDistanceScale:1.0]]
[2023.02.05-15.44.51:724][  0]LogConfig: Applying CVar settings from Section [AntiAliasingQuality@3] File [D:/Documents/GitHub/TeamNameMissing/GameJam23/Saved/Config/Windows/Scalability.ini]
[2023.02.05-15.44.51:724][  0]LogConfig: Setting CVar [[r.PostProcessAAQuality:4]]
[2023.02.05-15.44.51:724][  0]LogConfig: Applying CVar settings from Section [ShadowQuality@3] File [D:/Documents/GitHub/TeamNameMissing/GameJam23/Saved/Config/Windows/Scalability.ini]
[2023.02.05-15.44.51:724][  0]LogConfig: Setting CVar [[r.LightFunctionQuality:1]]
[2023.02.05-15.44.51:724][  0]LogConfig: Setting CVar [[r.ShadowQuality:5]]
[2023.02.05-15.44.51:724][  0]LogConfig: Setting CVar [[r.Shadow.CSM.MaxCascades:10]]
[2023.02.05-15.44.51:724][  0]LogConfig: Setting CVar [[r.Shadow.MaxResolution:2048]]
[2023.02.05-15.44.51:724][  0]LogConfig: Setting CVar [[r.Shadow.MaxCSMResolution:2048]]
[2023.02.05-15.44.51:724][  0]LogConfig: Setting CVar [[r.Shadow.RadiusThreshold:0.01]]
[2023.02.05-15.44.51:724][  0]LogConfig: Setting CVar [[r.Shadow.DistanceScale:1.0]]
[2023.02.05-15.44.51:724][  0]LogConfig: Setting CVar [[r.Shadow.CSM.TransitionScale:1.0]]
[2023.02.05-15.44.51:724][  0]LogConfig: Setting CVar [[r.Shadow.PreShadowResolutionFactor:1.0]]
[2023.02.05-15.44.51:724][  0]LogConfig: Setting CVar [[r.DistanceFieldShadowing:1]]
[2023.02.05-15.44.51:724][  0]LogConfig: Setting CVar [[r.DistanceFieldAO:1]]
[2023.02.05-15.44.51:724][  0]LogConfig: Setting CVar [[r.AOQuality:2]]
[2023.02.05-15.44.51:724][  0]LogConfig: Setting CVar [[r.VolumetricFog:1]]
[2023.02.05-15.44.51:724][  0]LogConfig: Setting CVar [[r.VolumetricFog.GridPixelSize:8]]
[2023.02.05-15.44.51:724][  0]LogConfig: Setting CVar [[r.VolumetricFog.GridSizeZ:128]]
[2023.02.05-15.44.51:724][  0]LogConfig: Setting CVar [[r.VolumetricFog.HistoryMissSupersampleCount:4]]
[2023.02.05-15.44.51:724][  0]LogConfig: Setting CVar [[r.LightMaxDrawDistanceScale:1]]
[2023.02.05-15.44.51:724][  0]LogConfig: Setting CVar [[r.CapsuleShadows:1]]
[2023.02.05-15.44.51:724][  0]LogConfig: Applying CVar settings from Section [PostProcessQuality@3] File [D:/Documents/GitHub/TeamNameMissing/GameJam23/Saved/Config/Windows/Scalability.ini]
[2023.02.05-15.44.51:724][  0]LogConfig: Setting CVar [[r.MotionBlurQuality:4]]
[2023.02.05-15.44.51:724][  0]LogConfig: Setting CVar [[r.AmbientOcclusionMipLevelFactor:0.4]]
[2023.02.05-15.44.51:724][  0]LogConfig: Setting CVar [[r.AmbientOcclusionMaxQuality:100]]
[2023.02.05-15.44.51:724][  0]LogConfig: Setting CVar [[r.AmbientOcclusionLevels:-1]]
[2023.02.05-15.44.51:725][  0]LogConfig: Setting CVar [[r.AmbientOcclusionRadiusScale:1.0]]
[2023.02.05-15.44.51:725][  0]LogConfig: Setting CVar [[r.DepthOfFieldQuality:2]]
[2023.02.05-15.44.51:725][  0]LogConfig: Setting CVar [[r.RenderTargetPoolMin:400]]
[2023.02.05-15.44.51:725][  0]LogConfig: Setting CVar [[r.LensFlareQuality:2]]
[2023.02.05-15.44.51:725][  0]LogConfig: Setting CVar [[r.SceneColorFringeQuality:1]]
[2023.02.05-15.44.51:725][  0]LogConfig: Setting CVar [[r.EyeAdaptationQuality:2]]
[2023.02.05-15.44.51:725][  0]LogConfig: Setting CVar [[r.BloomQuality:5]]
[2023.02.05-15.44.51:725][  0]LogConfig: Setting CVar [[r.FastBlurThreshold:100]]
[2023.02.05-15.44.51:725][  0]LogConfig: Setting CVar [[r.Upscale.Quality:3]]
[2023.02.05-15.44.51:725][  0]LogConfig: Setting CVar [[r.Tonemapper.GrainQuantization:1]]
[2023.02.05-15.44.51:725][  0]LogConfig: Setting CVar [[r.LightShaftQuality:1]]
[2023.02.05-15.44.51:725][  0]LogConfig: Setting CVar [[r.Filter.SizeScale:1]]
[2023.02.05-15.44.51:725][  0]LogConfig: Setting CVar [[r.Tonemapper.Quality:5]]
[2023.02.05-15.44.51:725][  0]LogConfig: Setting CVar [[r.DOF.Gather.AccumulatorQuality:1        ; higher gathering accumulator quality]]
[2023.02.05-15.44.51:725][  0]LogConfig: Setting CVar [[r.DOF.Gather.PostfilterMethod:1          ; Median3x3 postfilering method]]
[2023.02.05-15.44.51:725][  0]LogConfig: Setting CVar [[r.DOF.Gather.EnableBokehSettings:0       ; no bokeh simulation when gathering]]
[2023.02.05-15.44.51:725][  0]LogConfig: Setting CVar [[r.DOF.Gather.RingCount:4                 ; medium number of samples when gathering]]
[2023.02.05-15.44.51:725][  0]LogConfig: Setting CVar [[r.DOF.Scatter.ForegroundCompositing:1    ; additive foreground scattering]]
[2023.02.05-15.44.51:725][  0]LogConfig: Setting CVar [[r.DOF.Scatter.BackgroundCompositing:2    ; additive background scattering]]
[2023.02.05-15.44.51:725][  0]LogConfig: Setting CVar [[r.DOF.Scatter.EnableBokehSettings:1      ; bokeh simulation when scattering]]
[2023.02.05-15.44.51:725][  0]LogConfig: Setting CVar [[r.DOF.Scatter.MaxSpriteRatio:0.1         ; only a maximum of 10% of scattered bokeh]]
[2023.02.05-15.44.51:725][  0]LogConfig: Setting CVar [[r.DOF.Recombine.Quality:1                ; cheap slight out of focus]]
[2023.02.05-15.44.51:725][  0]LogConfig: Setting CVar [[r.DOF.Recombine.EnableBokehSettings:0    ; no bokeh simulation on slight out of focus]]
[2023.02.05-15.44.51:725][  0]LogConfig: Setting CVar [[r.DOF.TemporalAAQuality:1                ; more stable temporal accumulation]]
[2023.02.05-15.44.51:725][  0]LogConfig: Setting CVar [[r.DOF.Kernel.MaxForegroundRadius:0.025]]
[2023.02.05-15.44.51:725][  0]LogConfig: Setting CVar [[r.DOF.Kernel.MaxBackgroundRadius:0.025]]
[2023.02.05-15.44.51:725][  0]LogConfig: Applying CVar settings from Section [TextureQuality@3] File [D:/Documents/GitHub/TeamNameMissing/GameJam23/Saved/Config/Windows/Scalability.ini]
[2023.02.05-15.44.51:725][  0]LogConfig: Setting CVar [[r.Streaming.MipBias:0]]
[2023.02.05-15.44.51:725][  0]LogConfig: Setting CVar [[r.Streaming.AmortizeCPUToGPUCopy:0]]
[2023.02.05-15.44.51:725][  0]LogConfig: Setting CVar [[r.Streaming.MaxNumTexturesToStreamPerFrame:0]]
[2023.02.05-15.44.51:725][  0]LogConfig: Setting CVar [[r.Streaming.Boost:1]]
[2023.02.05-15.44.51:725][  0]LogConfig: Setting CVar [[r.MaxAnisotropy:8]]
[2023.02.05-15.44.51:725][  0]LogConfig: Setting CVar [[r.VT.MaxAnisotropy:8]]
[2023.02.05-15.44.51:725][  0]LogConfig: Setting CVar [[r.Streaming.LimitPoolSizeToVRAM:0]]
[2023.02.05-15.44.51:725][  0]LogConfig: Setting CVar [[r.Streaming.PoolSize:1000]]
[2023.02.05-15.44.51:725][  0]LogConfig: Setting CVar [[r.Streaming.MaxEffectiveScreenSize:0]]
[2023.02.05-15.44.51:725][  0]LogConfig: Applying CVar settings from Section [EffectsQuality@3] File [D:/Documents/GitHub/TeamNameMissing/GameJam23/Saved/Config/Windows/Scalability.ini]
[2023.02.05-15.44.51:725][  0]LogConfig: Setting CVar [[r.TranslucencyLightingVolumeDim:64]]
[2023.02.05-15.44.51:725][  0]LogConfig: Setting CVar [[r.RefractionQuality:2]]
[2023.02.05-15.44.51:725][  0]LogConfig: Setting CVar [[r.SSR.Quality:3]]
[2023.02.05-15.44.51:725][  0]LogConfig: Setting CVar [[r.SSR.HalfResSceneColor:0]]
[2023.02.05-15.44.51:725][  0]LogConfig: Setting CVar [[r.SceneColorFormat:4]]
[2023.02.05-15.44.51:725][  0]LogConfig: Setting CVar [[r.DetailMode:2]]
[2023.02.05-15.44.51:725][  0]LogConfig: Setting CVar [[r.TranslucencyVolumeBlur:1]]
[2023.02.05-15.44.51:725][  0]LogConfig: Setting CVar [[r.MaterialQualityLevel:1 ; High quality]]
[2023.02.05-15.44.51:725][  0]LogConfig: Setting CVar [[r.AnisotropicMaterials:1]]
[2023.02.05-15.44.51:725][  0]LogConfig: Setting CVar [[r.SSS.Scale:1]]
[2023.02.05-15.44.51:725][  0]LogConfig: Setting CVar [[r.SSS.SampleSet:2]]
[2023.02.05-15.44.51:725][  0]LogConfig: Setting CVar [[r.SSS.Quality:1]]
[2023.02.05-15.44.51:725][  0]LogConfig: Setting CVar [[r.SSS.HalfRes:0]]
[2023.02.05-15.44.51:725][  0]LogConfig: Setting CVar [[r.SSGI.Quality:3]]
[2023.02.05-15.44.51:725][  0]LogConfig: Setting CVar [[r.EmitterSpawnRateScale:1.0]]
[2023.02.05-15.44.51:725][  0]LogConfig: Setting CVar [[r.ParticleLightQuality:2]]
[2023.02.05-15.44.51:725][  0]LogConfig: Setting CVar [[r.SkyAtmosphere.AerialPerspectiveLUT.FastApplyOnOpaque:1 ; Always have FastSkyLUT 1 in this case to avoid wrong sky]]
[2023.02.05-15.44.51:725][  0]LogConfig: Setting CVar [[r.SkyAtmosphere.AerialPerspectiveLUT.SampleCountMaxPerSlice:4]]
[2023.02.05-15.44.51:725][  0]LogConfig: Setting CVar [[r.SkyAtmosphere.AerialPerspectiveLUT.DepthResolution:16.0]]
[2023.02.05-15.44.51:725][  0]LogConfig: Setting CVar [[r.SkyAtmosphere.FastSkyLUT:1]]
[2023.02.05-15.44.51:725][  0]LogConfig: Setting CVar [[r.SkyAtmosphere.FastSkyLUT.SampleCountMin:4.0]]
[2023.02.05-15.44.51:725][  0]LogConfig: Setting CVar [[r.SkyAtmosphere.FastSkyLUT.SampleCountMax:128.0]]
[2023.02.05-15.44.51:725][  0]LogConfig: Setting CVar [[r.SkyAtmosphere.SampleCountMin:4.0]]
[2023.02.05-15.44.51:725][  0]LogConfig: Setting CVar [[r.SkyAtmosphere.SampleCountMax:128.0]]
[2023.02.05-15.44.51:725][  0]LogConfig: Setting CVar [[r.SkyAtmosphere.TransmittanceLUT.UseSmallFormat:0]]
[2023.02.05-15.44.51:725][  0]LogConfig: Setting CVar [[r.SkyAtmosphere.TransmittanceLUT.SampleCount:10.0]]
[2023.02.05-15.44.51:725][  0]LogConfig: Setting CVar [[r.SkyAtmosphere.MultiScatteringLUT.SampleCount:15.0]]
[2023.02.05-15.44.51:725][  0]LogConfig: Setting CVar [[r.SkyLight.RealTimeReflectionCapture:1]]
[2023.02.05-15.44.51:725][  0]LogConfig: Applying CVar settings from Section [FoliageQuality@3] File [D:/Documents/GitHub/TeamNameMissing/GameJam23/Saved/Config/Windows/Scalability.ini]
[2023.02.05-15.44.51:725][  0]LogConfig: Setting CVar [[foliage.DensityScale:1.0]]
[2023.02.05-15.44.51:725][  0]LogConfig: Setting CVar [[grass.DensityScale:1.0]]
[2023.02.05-15.44.51:725][  0]LogConfig: Applying CVar settings from Section [ShadingQuality@3] File [D:/Documents/GitHub/TeamNameMissing/GameJam23/Saved/Config/Windows/Scalability.ini]
[2023.02.05-15.44.51:725][  0]LogConfig: Setting CVar [[r.HairStrands.SkyLighting.IntegrationType:2]]
[2023.02.05-15.44.51:725][  0]LogConfig: Setting CVar [[r.HairStrands.SkyAO.SampleCount:4]]
[2023.02.05-15.44.51:725][  0]LogConfig: Setting CVar [[r.HairStrands.Visibility.MSAA.SamplePerPixel:4]]
[2023.02.05-15.44.51:725][  0]LogConfig: Applying CVar settings from Section [Startup] File [../../../Engine/Config/ConsoleVariables.ini]
[2023.02.05-15.44.51:725][  0]LogConfig: Setting CVar [[net.UseAdaptiveNetUpdateFrequency:0]]
[2023.02.05-15.44.51:725][  0]LogConfig: Setting CVar [[p.chaos.AllowCreatePhysxBodies:1]]
[2023.02.05-15.44.51:726][  0]LogConfig: Setting CVar [[fx.SkipVectorVMBackendOptimizations:1]]
[2023.02.05-15.44.51:726][  0]LogConfig: Applying CVar settings from Section [ConsoleVariables] File [D:/Documents/GitHub/TeamNameMissing/GameJam23/Saved/Config/Windows/Engine.ini]
[2023.02.05-15.44.51:726][  0]LogConfig: Applying CVar settings from Section [ConsoleVariables] File [D:/Documents/GitHub/TeamNameMissing/GameJam23/Saved/Config/Windows/Editor.ini]
[2023.02.05-15.44.51:726][  0]LogInit: Computer: DESKTOP-MS8S1PC
[2023.02.05-15.44.51:726][  0]LogInit: User: Fran
[2023.02.05-15.44.51:726][  0]LogInit: CPU Page size=4096, Cores=6
[2023.02.05-15.44.51:726][  0]LogInit: High frequency timer resolution =10.000000 MHz
[2023.02.05-15.44.51:726][  0]LogMemory: Memory total: Physical=16.0GB (16GB approx)
[2023.02.05-15.44.51:726][  0]LogMemory: Platform Memory Stats for Windows
[2023.02.05-15.44.51:726][  0]LogMemory: Process Physical Memory: 149.46 MB used, 152.44 MB peak
[2023.02.05-15.44.51:726][  0]LogMemory: Process Virtual Memory: 134.09 MB used, 134.09 MB peak
[2023.02.05-15.44.51:726][  0]LogMemory: Physical Memory: 7715.76 MB used,  8617.48 MB free, 16333.24 MB total
[2023.02.05-15.44.51:726][  0]LogMemory: Virtual Memory: 134207328.00 MB used,  10398.36 MB free, 134217728.00 MB total
[2023.02.05-15.44.51:731][  0]LogWindows: WindowsPlatformFeatures enabled
[2023.02.05-15.44.51:769][  0]LogInit: Physics initialised using underlying interface: PhysX
[2023.02.05-15.44.51:771][  0]LogInit: Overriding language with editor language configuration option (en).
[2023.02.05-15.44.51:771][  0]LogInit: Overriding language with editor locale configuration option (en).
[2023.02.05-15.44.51:953][  0]LogInit: Setting process to per monitor DPI aware
[2023.02.05-15.44.51:964][  0]LogWindowsTextInputMethodSystem: Display: IME system deactivated.
[2023.02.05-15.44.51:979][  0]LogSlate: New Slate User Created.  User Index 0, Is Virtual User: 0
[2023.02.05-15.44.51:979][  0]LogSlate: Slate User Registered.  User Index 0, Is Virtual User: 0
[2023.02.05-15.44.52:176][  0]LogD3D11RHI: Loaded GFSDK_Aftermath_Lib.x64.dll
[2023.02.05-15.44.52:209][  0]LogHMD: Failed to initialize OpenVR with code 126
[2023.02.05-15.44.52:209][  0]LogD3D11RHI: D3D11 min allowed feature level: 11_0
[2023.02.05-15.44.52:209][  0]LogD3D11RHI: D3D11 max allowed feature level: 11_0
[2023.02.05-15.44.52:209][  0]LogD3D11RHI: D3D11 adapters:
[2023.02.05-15.44.52:307][  0]LogD3D11RHI:    0. 'NVIDIA GeForce GTX 1660' (Feature Level 11_0)
[2023.02.05-15.44.52:307][  0]LogD3D11RHI:       5980/0/8166 MB DedicatedVideo/DedicatedSystem/SharedSystem, Outputs:2, VendorId:0x10de
[2023.02.05-15.44.52:310][  0]LogD3D11RHI:    1. 'Microsoft Basic Render Driver' (Feature Level 11_0)
[2023.02.05-15.44.52:310][  0]LogD3D11RHI:       0/0/8166 MB DedicatedVideo/DedicatedSystem/SharedSystem, Outputs:0, VendorId:0x1414
[2023.02.05-15.44.52:310][  0]LogD3D11RHI: Chosen D3D11 Adapter:
[2023.02.05-15.44.52:310][  0]LogD3D11RHI:     Description : NVIDIA GeForce GTX 1660
[2023.02.05-15.44.52:310][  0]LogD3D11RHI:     VendorId    : 10de
[2023.02.05-15.44.52:310][  0]LogD3D11RHI:     DeviceId    : 2184
[2023.02.05-15.44.52:310][  0]LogD3D11RHI:     SubSysId    : 1332196e
[2023.02.05-15.44.52:310][  0]LogD3D11RHI:     Revision    : 00a1
[2023.02.05-15.44.52:310][  0]LogD3D11RHI:     DedicatedVideoMemory : 6270484480 bytes
[2023.02.05-15.44.52:310][  0]LogD3D11RHI:     DedicatedSystemMemory : 0 bytes
[2023.02.05-15.44.52:310][  0]LogD3D11RHI:     SharedSystemMemory : 8563322880 bytes
[2023.02.05-15.44.52:310][  0]LogD3D11RHI:     AdapterLuid : 0 64969
[2023.02.05-15.44.52:316][  0]LogD3D11RHI: Creating new Direct3DDevice
[2023.02.05-15.44.52:316][  0]LogD3D11RHI:     GPU DeviceId: 0x2184 (for the marketing name, search the web for "GPU Device Id")
[2023.02.05-15.44.52:316][  0]LogWindows: EnumDisplayDevices:
[2023.02.05-15.44.52:316][  0]LogWindows:    0. 'NVIDIA GeForce GTX 1660' (P:1 D:1)
[2023.02.05-15.44.52:316][  0]LogWindows:    1. 'NVIDIA GeForce GTX 1660' (P:0 D:1)
[2023.02.05-15.44.52:316][  0]LogWindows:    2. 'NVIDIA GeForce GTX 1660' (P:0 D:0)
[2023.02.05-15.44.52:316][  0]LogWindows:    3. 'NVIDIA GeForce GTX 1660' (P:0 D:0)
[2023.02.05-15.44.52:317][  0]LogWindows: DebugString: FoundDriverCount:4 
[2023.02.05-15.44.52:317][  0]LogD3D11RHI:     Adapter Name: NVIDIA GeForce GTX 1660
[2023.02.05-15.44.52:317][  0]LogD3D11RHI:   Driver Version: 528.24 (internal:31.0.15.2824, unified:528.24)
[2023.02.05-15.44.52:317][  0]LogD3D11RHI:      Driver Date: 1-15-2023
[2023.02.05-15.44.52:317][  0]LogRHI: Texture pool is 4186 MB (70% of 5980 MB)
[2023.02.05-15.44.52:317][  0]LogD3D11RHI: Creating D3DDevice using adapter:
[2023.02.05-15.44.52:317][  0]LogD3D11RHI:     Description : NVIDIA GeForce GTX 1660
[2023.02.05-15.44.52:317][  0]LogD3D11RHI:     VendorId    : 10de
[2023.02.05-15.44.52:317][  0]LogD3D11RHI:     DeviceId    : 2184
[2023.02.05-15.44.52:317][  0]LogD3D11RHI:     SubSysId    : 1332196e
[2023.02.05-15.44.52:317][  0]LogD3D11RHI:     Revision    : 00a1
[2023.02.05-15.44.52:317][  0]LogD3D11RHI:     DedicatedVideoMemory : 6270484480 bytes
[2023.02.05-15.44.52:317][  0]LogD3D11RHI:     DedicatedSystemMemory : 0 bytes
[2023.02.05-15.44.52:317][  0]LogD3D11RHI:     SharedSystemMemory : 8563322880 bytes
[2023.02.05-15.44.52:317][  0]LogD3D11RHI:     AdapterLuid : 0 64969
[2023.02.05-15.44.52:386][  0]LogD3D11RHI: RHI has support for 64 bit atomics
[2023.02.05-15.44.52:386][  0]LogD3D11RHI: Async texture creation enabled
[2023.02.05-15.44.52:386][  0]LogD3D11RHI: Array index from any shader is supported
[2023.02.05-15.44.52:401][  0]LogD3D11RHI: GPU Timing Frequency: 1000.000000 (Debug: 2 1)
[2023.02.05-15.44.52:460][  0]LogRHI: GeForceNow SDK initialized: 1
[2023.02.05-15.44.52:734][  0]LogTargetPlatformManager: Display: Loaded TargetPlatform 'AllDesktop'
[2023.02.05-15.44.52:757][  0]LogTargetPlatformManager: Display: Loaded TargetPlatform 'Android'
[2023.02.05-15.44.52:758][  0]LogTargetPlatformManager: Display: Loaded TargetPlatform 'Android_ASTC'
[2023.02.05-15.44.52:758][  0]LogTargetPlatformManager: Display: Loaded TargetPlatform 'Android_DXT'
[2023.02.05-15.44.52:758][  0]LogTargetPlatformManager: Display: Loaded TargetPlatform 'Android_ETC2'
[2023.02.05-15.44.52:758][  0]LogTargetPlatformManager: Display: Loaded TargetPlatform 'AndroidClient'
[2023.02.05-15.44.52:758][  0]LogTargetPlatformManager: Display: Loaded TargetPlatform 'Android_ASTCClient'
[2023.02.05-15.44.52:758][  0]LogTargetPlatformManager: Display: Loaded TargetPlatform 'Android_DXTClient'
[2023.02.05-15.44.52:758][  0]LogTargetPlatformManager: Display: Loaded TargetPlatform 'Android_ETC2Client'
[2023.02.05-15.44.52:758][  0]LogTargetPlatformManager: Display: Loaded TargetPlatform 'Android_Multi'
[2023.02.05-15.44.52:758][  0]LogTargetPlatformManager: Display: Loaded TargetPlatform 'Android_MultiClient'
[2023.02.05-15.44.52:777][  0]LogTargetPlatformManager: Display: Loaded TargetPlatform 'IOSClient'
[2023.02.05-15.44.52:777][  0]LogTargetPlatformManager: Display: Loaded TargetPlatform 'IOS'
[2023.02.05-15.44.52:786][  0]LogTargetPlatformManager: Display: Loaded TargetPlatform 'Linux'
[2023.02.05-15.44.52:790][  0]LogTargetPlatformManager: Display: Loaded TargetPlatform 'LinuxNoEditor'
[2023.02.05-15.44.52:795][  0]LogTargetPlatformManager: Display: Loaded TargetPlatform 'LinuxClient'
[2023.02.05-15.44.52:799][  0]LogTargetPlatformManager: Display: Loaded TargetPlatform 'LinuxServer'
[2023.02.05-15.44.52:809][  0]LogTargetPlatformManager: Display: Loaded TargetPlatform 'LinuxAArch64NoEditor'
[2023.02.05-15.44.52:814][  0]LogTargetPlatformManager: Display: Loaded TargetPlatform 'LinuxAArch64Client'
[2023.02.05-15.44.52:818][  0]LogTargetPlatformManager: Display: Loaded TargetPlatform 'LinuxAArch64Server'
[2023.02.05-15.44.52:840][  0]LogTargetPlatformManager: Display: Loaded TargetPlatform 'Lumin'
[2023.02.05-15.44.52:840][  0]LogTargetPlatformManager: Display: Loaded TargetPlatform 'LuminClient'
[2023.02.05-15.44.52:847][  0]LogTargetPlatformManager: Display: Loaded TargetPlatform 'MacNoEditor'
[2023.02.05-15.44.52:851][  0]LogTargetPlatformManager: Display: Loaded TargetPlatform 'Mac'
[2023.02.05-15.44.52:855][  0]LogTargetPlatformManager: Display: Loaded TargetPlatform 'MacClient'
[2023.02.05-15.44.52:859][  0]LogTargetPlatformManager: Display: Loaded TargetPlatform 'MacServer'
[2023.02.05-15.44.52:868][  0]LogTargetPlatformManager: Display: Loaded TargetPlatform 'TVOSClient'
[2023.02.05-15.44.52:868][  0]LogTargetPlatformManager: Display: Loaded TargetPlatform 'TVOS'
[2023.02.05-15.44.52:877][  0]LogTargetPlatformManager: Display: Loaded TargetPlatform 'WindowsNoEditor'
[2023.02.05-15.44.52:881][  0]LogTargetPlatformManager: Display: Loaded TargetPlatform 'Windows'
[2023.02.05-15.44.52:885][  0]LogTargetPlatformManager: Display: Loaded TargetPlatform 'WindowsClient'
[2023.02.05-15.44.52:888][  0]LogTargetPlatformManager: Display: Loaded TargetPlatform 'WindowsServer'
[2023.02.05-15.44.52:889][  0]LogTargetPlatformManager: Display: Building Assets For Windows
[2023.02.05-15.44.52:918][  0]LogAudioDebug: Display: Lib vorbis DLL was dynamically loaded.
[2023.02.05-15.44.52:946][  0]LogTextureFormatOodle: Display: Oodle Texture 2.9.0 init RDO Off
[2023.02.05-15.44.52:975][  0]LogRendererCore: Ray tracing is disabled. Reason: r.RayTracing=0.
[2023.02.05-15.44.52:975][  0]LogShaderCompilers: Guid format shader working directory is -12 characters bigger than the processId version (../../../../../Documents/GitHub/TeamNameMissing/GameJam23/Intermediate/Shaders/WorkingDirectory/4368/).
[2023.02.05-15.44.52:976][  0]LogShaderCompilers: Cleaned the shader compiler working directory 'C:/Users/Fran/AppData/Local/Temp/UnrealShaderWorkingDir/90620C3C461587E2B822E98D7AFF6B51/'.
[2023.02.05-15.44.52:976][  0]LogXGEController: Cannot use XGE Controller as Incredibuild is not installed on this machine.
[2023.02.05-15.44.52:976][  0]LogShaderCompilers: Cannot use XGE Shader Compiler as Incredibuild is not installed on this machine.
[2023.02.05-15.44.52:976][  0]LogShaderCompilers: Display: Using Local Shader Compiler.
[2023.02.05-15.44.53:615][  0]LogDerivedDataCache: Display: Max Cache Size: 512 MB
[2023.02.05-15.44.53:663][  0]LogDerivedDataCache: Loaded boot cache 0.05s 94MB C:/Users/Fran/AppData/Local/UnrealEngine/4.27/DerivedDataCache/Boot.ddc.
[2023.02.05-15.44.53:663][  0]LogDerivedDataCache: Display: Loaded Boot cache: C:/Users/Fran/AppData/Local/UnrealEngine/4.27/DerivedDataCache/Boot.ddc
[2023.02.05-15.44.53:663][  0]LogDerivedDataCache: FDerivedDataBackendGraph:  Pak pak cache file ../../../../../Documents/GitHub/TeamNameMissing/GameJam23/DerivedDataCache/DDC.ddp not found, will not use a pak cache.
[2023.02.05-15.44.53:663][  0]LogDerivedDataCache: Unable to find inner node Pak for hierarchical cache Hierarchy.
[2023.02.05-15.44.53:663][  0]LogDerivedDataCache: FDerivedDataBackendGraph:  CompressedPak pak cache file ../../../../../Documents/GitHub/TeamNameMissing/GameJam23/DerivedDataCache/Compressed.ddp not found, will not use a pak cache.
[2023.02.05-15.44.53:663][  0]LogDerivedDataCache: Unable to find inner node CompressedPak for hierarchical cache Hierarchy.
[2023.02.05-15.44.53:679][  0]LogDerivedDataCache: Display: Pak cache opened for reading ../../../Engine/DerivedDataCache/Compressed.ddp.
[2023.02.05-15.44.53:680][  0]LogDerivedDataCache: FDerivedDataBackendGraph:  EnterprisePak pak cache file ../../../Enterprise/DerivedDataCache/Compressed.ddp not found, will not use a pak cache.
[2023.02.05-15.44.53:680][  0]LogDerivedDataCache: Unable to find inner node EnterprisePak for hierarchical cache Hierarchy.
[2023.02.05-15.44.53:686][  0]LogDerivedDataCache: Speed tests for C:/Users/Fran/AppData/Local/UnrealEngine/Common/DerivedDataCache took 0.01 seconds
[2023.02.05-15.44.53:686][  0]LogDerivedDataCache: Display: Performance to C:/Users/Fran/AppData/Local/UnrealEngine/Common/DerivedDataCache: Latency=0.03ms. RandomReadSpeed=939.17MBs, RandomWriteSpeed=170.99MBs. Assigned SpeedClass 'Local'
[2023.02.05-15.44.53:687][  0]LogDerivedDataCache: Using Local data cache path C:/Users/Fran/AppData/Local/UnrealEngine/Common/DerivedDataCache: Writable
[2023.02.05-15.44.53:687][  0]LogDerivedDataCache: Shared data cache path not found in *engine.ini, will not use an Shared cache.
[2023.02.05-15.44.53:688][  0]LogDerivedDataCache: Unable to find inner node Shared for hierarchical cache Hierarchy.
[2023.02.05-15.44.53:731][  0]LogSlate: Using FreeType 2.10.0
[2023.02.05-15.44.53:732][  0]LogSlate: SlateFontServices - WITH_FREETYPE: 1, WITH_HARFBUZZ: 1
[2023.02.05-15.44.53:755][  0]LogAssetRegistry: FAssetRegistry took 0.0026 seconds to start up
[2023.02.05-15.44.53:969][  0]LogInit: Selected Device Profile: [Windows]
[2023.02.05-15.44.53:969][  0]LogInit: Active device profile: [0000010D64BD9400][0000010D65ADCA00 49] Windows
[2023.02.05-15.44.53:969][  0]LogInit: Profiles: [0000010D64BD9400][0000010D65ADCA00 49] Windows, [0000010D64B6F100][0000010D5BDC6B40 49] WindowsNoEditor, [0000010D64BD9100][0000010D6581ACC0 49] WindowsServer, [0000010D64B6D100][0000010D65EE6E40 49] WindowsClient, [0000010D64BDA500][0000010D65822FC0 49] IOS, [0000010D64BD9200][0000010D65827140 49] iPadAir, [0000010D64B35B00][0000010D646C72C0 49] iPadAir2, [0000010D64AF0700][0000010D65A29580 49] IPadPro, [0000010D64AF0800][0000010D646CB5C0 49] iPadAir3, [0000010D64B34100][0000010D65A37740 49] iPadAir4, [0000010D64AF0300][0000010D65A3B8C0 49] iPadMini2, [0000010D64B37200][0000010D65A3FA40 49] iPadMini3, [0000010D64AF3100][0000010D65A43BC0 49] iPadMini4, [0000010D64B37E00][0000010D65A461C0 49] iPadMini5, [0000010D662E7F00][0000010D65A4E480 49] iPhone6, [0000010D662E7E00][0000010D65A4A4C0 49] iPodTouch6, [0000010D64B6DF00][0000010D65A56780 49] iPhone7, [0000010D64B6DE00][0000010D65A527C0 49] iPodTouch7, [0000010D662E4500][0000010D65A5A940 49] iPhone5S, [0000010D64B6D800][0000010D65816A80 49] iPhone6Plus, [0000010D662E5600][0000010D5BD3ABC0 49] iPhone6S, [0000010D64B6E800][0000010D5BD7AD00 49] iPhone6SPlus, [0000010D662E6300][0000010D5BD82E80 49] iPhone7Plus, [0000010D64B6C300][0000010D5BD87000 49] iPhoneSE, [0000010D662E4100][0000010D64573180 49] iPhone8, [0000010D64B6EA00][0000010D64577300 49] iPhone8Plus, [0000010D662E7100][0000010D6457B480 49] iPhoneX, [0000010D64B6D300][0000010D64583600 49] iPhoneXS, [0000010D662E5200][0000010D645FB780 49] iPhoneXSMax, [0000010D64B6FA00][0000010D645FF900 49] iPhoneXR, [0000010D662E4A00][0000010D64603A80 49] iPhone11, [0000010D64B6E300][0000010D64607C00 49] iPhone11Pro, [0000010D662E6B00][0000010D6457E200 49] iPhone11ProMax, [0000010D64B6DA00][0000010D6456E380 49] iPhoneSE2, [0000010D662E7B00][0000010D64616500 49] iPhone12Mini, [0000010D64B6E400][0000010D67490680 49] iPhone12, [0000010D662E5000][0000010D67494800 49] iPhone12Pro, [0000010D64B6CC00][0000010D67498980 49] iPhone12ProMax, [0000010D662E6F00][0000010D6749CB00 49] iPadPro105, [0000010D64B6D400][0000010D5BD7EC40 49] iPadPro129, [0000010D662E4700][0000010D674A0D80 49] iPadPro97, [0000010D64B6C500][0000010D674A4EC0 49] iPadPro2_129, [0000010D662E5E00][0000010D674AD040 49] iPad5, [0000010D64B6C400][0000010D674B11C0 49] iPad6, [0000010D662E6700][0000010D674B5340 49] iPad7, [0000010D64B6FD00][0000010D674B94C0 49] iPad8, [0000010D662E4E00][0000010D674BD640 49] iPadPro11, [0000010D64B6E500][0000010D674C17C0 49] iPadPro2_11, [0000010D662E5400][0000010D674C5940 49] iPadPro3_129, [0000010D64B6E900][0000010D674C9AC0 49] iPadPro4_129, [0000010D662E5D00][0000010D658120C0 49] AppleTV, [0000010D64B6F400][0000010D5BDCE240 49] AppleTV4K, [0000010D662E6A00][0000010D60EF43C0 49] TVOS, [0000010D64B6EC00][0000010D5BDCA540 49] Mac, [0000010D662E6D00][0000010D5BE486C0 49] MacClient, [0000010D64B6F500][0000010D65A98840 49] MacNoEditor, [0000010D662E7700][0000010D65A9C9C0 49] MacServer, [0000010D64B6C600][0000010D65AA0B40 49] Linux, [0000010D662E4C00][0000010D65AA4CC0 49] LinuxAArch64, [0000010D64B6D200][0000010D674A8E00 49] LinuxNoEditor, [0000010D662E7D00][0000010D65AA8F40 49] LinuxAArch64NoEditor, [0000010D64B6CD00][0000010D65AAD080 49] LinuxClient, [0000010D662E5900][0000010D65AB11C0 49] LinuxAArch64Client, [0000010D64B6F000][0000010D65AB9340 49] LinuxServer, [0000010D662E6000][0000010D65ABD4C0 49] LinuxAArch64Server, [0000010D64B6C200][0000010D65AC1640 49] Android, [0000010D662E5100][0000010D60E757C0 49] Android_Low, [0000010D64B34500][0000010D60E79940 49] Android_Mid, [0000010D64BDA100][0000010D60E7DAC0 49] Android_High, [0000010D64B37B00][0000010D60E800C0 49] Android_Default, [0000010D64BD8E00][0000010D60E84240 49] Android_Adreno4xx, [0000010D64B34200][0000010D60E883C0 49] Android_Adreno5xx_Low, [0000010D64BD8700][0000010D60E8C540 49] Android_Adreno5xx, [0000010D64B37800][0000010D60E906C0 49] Android_Adreno6xx, [0000010D64BDAC00][0000010D60E94840 49] Android_Adreno6xx_Vulkan, [0000010D64B37000][0000010D60E989C0 49] Android_Mali_T6xx, [0000010D64BDA200][0000010D60E9CB40 49] Android_Mali_T7xx, [0000010D64B34F00][0000010D60EA0CC0 49] Android_Mali_T8xx, [0000010D64BDBE00][0000010D60EA4E40 49] Android_Mali_G71, [0000010D64B36900][0000010D65AB4F80 49] Android_Mali_G72, [0000010D64BD8900][0000010D60EA90C0 49] Android_Mali_G72_Vulkan, [0000010D64B35500][0000010D60EAD200 49] Android_Mali_G76, [0000010D64BD9B00][0000010D60EB1340 49] Android_Mali_G76_Vulkan, [0000010D64B36800][0000010D60EB94C0 49] Android_Mali_G77, [0000010D64BD8F00][0000010D60EBD640 49] Android_Mali_G77_Vulkan, [0000010D64B36500][0000010D60EC17C0 49] Android_Mali_G78, [0000010D64BDAB00][0000010D60EC5940 49] Android_Mali_G78_Vulkan, [0000010D64B35300][0000010D60EC9AC0 49] Android_Mali_G710, [0000010D64BD9300][0000010D644C20C0 49] Android_Mali_G710_Vulkan, [0000010D64B37A00][0000010D644C6240 49] Android_Vulkan_SM5, [0000010D64BDB300][0000010D644CA3C0 49] Android_PowerVR_G6xxx, [0000010D64B36400][0000010D644CE540 49] Android_PowerVR_GT7xxx, [0000010D64BDBB00][0000010D644D26C0 49] Android_PowerVR_GE8xxx, [0000010D64B35E00][0000010D644D6840 49] Android_PowerVR_GM9xxx, [0000010D662E7500][0000010D644DA9C0 49] Android_PowerVR_GM9xxx_Vulkan, [0000010D64B35F00][0000010D644DEB40 49] Android_TegraK1, [0000010D662E5700][0000010D644E2CC0 49] Android_Unknown_Vulkan, [0000010D64B34A00][0000010D644E6E40 49] Lumin, [0000010D662E4600][0000010D644EAFC0 49] Lumin_Desktop, [0000010D64B37500][0000010D644EF140 49] HoloLens, 
[2023.02.05-15.44.54:011][  0]LogMeshReduction: Using QuadricMeshReduction for automatic static mesh reduction
[2023.02.05-15.44.54:011][  0]LogMeshReduction: Using SimplygonMeshReduction for automatic skeletal mesh reduction
[2023.02.05-15.44.54:011][  0]LogMeshReduction: Using ProxyLODMeshReduction for automatic mesh merging
[2023.02.05-15.44.54:011][  0]LogMeshReduction: No distributed automatic mesh merging module available
[2023.02.05-15.44.54:011][  0]LogMeshMerging: No distributed automatic mesh merging module available
[2023.02.05-15.44.54:098][  0]LogNetVersion: GameJam23 1.0.0, NetCL: 17155196, EngineNetVer: 17, GameNetVer: 0 (Checksum: 3699617335)
[2023.02.05-15.44.54:444][  0]LogTexture: Default maximum texture size for cubemaps generated from long-lat sources has been changed from 512 to unlimited. In order to preserve old behaiour for '/Engine/MapTemplates/Sky/DaylightAmbientCubemap.DaylightAmbientCubemap', its maximum texture size has been explicitly set to 512.
[2023.02.05-15.44.54:495][  0]LogHMD: PokeAHoleMaterial loaded successfully
[2023.02.05-15.44.54:500][  0]LogUObjectArray: 17178 objects as part of root set at end of initial load.
[2023.02.05-15.44.54:500][  0]LogUObjectAllocator: 4302048 out of 0 bytes used by permanent object pool.
[2023.02.05-15.44.54:500][  0]LogUObjectArray: CloseDisregardForGC: 0/0 objects in disregard for GC pool
[2023.02.05-15.44.54:751][  0]LogNiagaraDebuggerClient: Niagara Debugger Client Initialized | Session: 888E96CB40D48F43FE99809CD5897415 | Instance: 7B7A1B05417363B6365ADBB6C2317757 (DESKTOP-MS8S1PC-4368).
[2023.02.05-15.44.54:859][  0]LogPython: Using Python 3.7.7
[2023.02.05-15.44.55:365][  0]LogTcpMessaging: Initializing TcpMessaging bridge
[2023.02.05-15.44.55:370][  0]LogUdpMessaging: Initializing bridge on interface 0.0.0.0:0 to multicast group 230.0.0.1:6666.
[2023.02.05-15.44.55:529][  0]SourceControl: Source control is disabled
[2023.02.05-15.44.55:529][  0]SourceControl: Source control is disabled
[2023.02.05-15.44.55:532][  0]SourceControl: Source control is disabled
[2023.02.05-15.44.55:534][  0]SourceControl: Source control is disabled
[2023.02.05-15.44.55:542][  0]SourceControl: Source control is disabled
[2023.02.05-15.44.55:548][  0]LogUProjectInfo: Found projects:
[2023.02.05-15.44.55:743][  0]LogOpenImageDenoise: OIDN starting up
[2023.02.05-15.44.55:769][  0]LogAndroidPermission: UAndroidPermissionCallbackProxy::GetInstance
[2023.02.05-15.44.55:790][  0]LogAudioCaptureCore: Display: No Audio Capture implementations found. Audio input will be silent.
[2023.02.05-15.44.55:791][  0]LogAudioCaptureCore: Display: No Audio Capture implementations found. Audio input will be silent.
[2023.02.05-15.44.55:908][  0]LogCollectionManager: Loaded 0 collections in 0.000674 seconds
[2023.02.05-15.44.55:930][  0]LogFileCache: Scanning file cache for directory 'D:/Documents/GitHub/TeamNameMissing/GameJam23/Saved/Collections/' took 0.00s
[2023.02.05-15.44.55:931][  0]LogFileCache: Scanning file cache for directory 'D:/Documents/GitHub/TeamNameMissing/GameJam23/Content/Developers/Fran/Collections/' took 0.00s
[2023.02.05-15.44.55:931][  0]LogFileCache: Scanning file cache for directory 'D:/Documents/GitHub/TeamNameMissing/GameJam23/Content/Collections/' took 0.00s
[2023.02.05-15.44.55:931][  0]LogOcInput: OculusInput pre-init called
[2023.02.05-15.44.56:136][  0]LogEngine: Initializing Engine...
[2023.02.05-15.44.56:205][  0]LogHMD: Failed to initialize OpenVR with code 108
[2023.02.05-15.44.56:247][  0]LogHMD: Optional extension XR_VARJO_quad_views is not available
[2023.02.05-15.44.56:247][  0]LogHMD: Warning: Required extension XR_EXT_eye_gaze_interaction is not available
[2023.02.05-15.44.56:247][  0]LogHMD: Could not enable all required OpenXR extensions for OpenXREyeTracker on current system. This plugin will be loaded but ignored, but will be enabled on a target platform that supports the required extension.
[2023.02.05-15.44.56:248][  0]LogHMD: Failed to get an OpenXR system, result is XR_ERROR_FORM_FACTOR_UNAVAILABLE. Please check that your runtime supports VR headsets.
[2023.02.05-15.44.56:248][  0]LogMagicLeap: Warning: VR disabled because ZI is not enabled.  To enable, in the editor, Edit -> Project Settings -> Plugins -> Magic Leap Plugin -> Enable Zero Iteration
[2023.02.05-15.44.56:249][  0]LogStats: UGameplayTagsManager::InitializeManager -  0.000 s
[2023.02.05-15.44.56:369][  0]LogInit: Initializing FReadOnlyCVARCache
[2023.02.05-15.44.56:376][  0]LogAIModule: Creating AISystem for world Untitled
[2023.02.05-15.44.56:377][  0]LogAudio: Display: Initializing Audio Device Manager...
[2023.02.05-15.44.56:380][  0]LogAudio: Display: Loading Default Audio Settings Objects...
[2023.02.05-15.44.56:380][  0]LogAudio: Display: No default SoundConcurrencyObject specified (or failed to load).
[2023.02.05-15.44.56:381][  0]LogAudio: Display: Audio Device Manager Initialized
[2023.02.05-15.44.56:381][  0]LogAudio: Display: Creating Audio Device:                 Id: 1, Scope: Shared, Realtime: True
[2023.02.05-15.44.56:381][  0]LogAudioMixer: Display: Audio Mixer Platform Settings:
[2023.02.05-15.44.56:381][  0]LogAudioMixer: Display: 	Sample Rate:						  48000
[2023.02.05-15.44.56:381][  0]LogAudioMixer: Display: 	Callback Buffer Frame Size Requested: 1024
[2023.02.05-15.44.56:381][  0]LogAudioMixer: Display: 	Callback Buffer Frame Size To Use:	  1024
[2023.02.05-15.44.56:381][  0]LogAudioMixer: Display: 	Number of buffers to queue:			  2
[2023.02.05-15.44.56:381][  0]LogAudioMixer: Display: 	Max Channels (voices):				  32
[2023.02.05-15.44.56:381][  0]LogAudioMixer: Display: 	Number of Async Source Workers:		  0
[2023.02.05-15.44.56:381][  0]LogAudio: Display: AudioDevice MaxSources: 32
[2023.02.05-15.44.56:381][  0]LogAudio: Display: Audio Spatialization Plugin: None (built-in).
[2023.02.05-15.44.56:381][  0]LogAudio: Display: Audio Reverb Plugin: None (built-in).
[2023.02.05-15.44.56:381][  0]LogAudio: Display: Audio Occlusion Plugin: None (built-in).
[2023.02.05-15.44.56:381][  0]LogAudioMixer: Display: Initializing audio mixer.
[2023.02.05-15.44.56:390][  0]LogAudioMixer: Display: 0: FrontLeft
[2023.02.05-15.44.56:390][  0]LogAudioMixer: Display: 1: FrontRight
[2023.02.05-15.44.56:410][  0]LogAudioMixer: Display: Using Audio Device Altavoces (Realtek(R) Audio)
[2023.02.05-15.44.56:415][  0]LogAudioMixer: Display: Initializing Sound Submixes...
[2023.02.05-15.44.56:417][  0]LogAudioMixer: Display: Creating Master Submix 'MasterSubmixDefault'
[2023.02.05-15.44.56:418][  0]LogAudioMixer: Display: Creating Master Submix 'MasterReverbSubmixDefault'
[2023.02.05-15.44.56:418][  0]LogAudioMixer: Display: Creating Master Submix 'MasterEQSubmixDefault'
[2023.02.05-15.44.56:418][  0]LogAudioMixer: FMixerPlatformXAudio2::StartAudioStream() called
[2023.02.05-15.44.56:418][  0]LogAudioMixer: Display: Output buffers initialized: Frames=1024, Channels=2, Samples=2048
[2023.02.05-15.44.56:419][  0]LogAudioMixer: Display: Starting AudioMixerPlatformInterface::RunInternal()
[2023.02.05-15.44.56:420][  0]LogAudioMixer: Display: FMixerPlatformXAudio2::SubmitBuffer() called for the first time
[2023.02.05-15.44.56:420][  0]LogInit: FAudioDevice initialized.
[2023.02.05-15.44.56:420][  0]LogAudio: Display: Audio Device (ID: 1) registered with world 'Untitled'.
[2023.02.05-15.44.56:420][  0]LogNetVersion: Set ProjectVersion to 1.0.0.0. Version Checksum will be recalculated on next use.
[2023.02.05-15.44.56:471][  0]LogDerivedDataCache: Saved boot cache 0.05s 94MB C:/Users/Fran/AppData/Local/UnrealEngine/4.27/DerivedDataCache/Boot.ddc.
[2023.02.05-15.44.56:475][  0]LogInit: Texture streaming: Enabled
[2023.02.05-15.44.56:486][  0]LogAnalytics: Display: [UEEditor.Rocket.Release] APIServer = https://datarouter.ol.epicgames.com/. AppVersion = 4.27.2-18319896+++UE4+Release-4.27
[2023.02.05-15.44.56:489][  0]LogEngineSessionManager: EngineSessionManager initialized
[2023.02.05-15.44.56:489][  0]LogEditorSessionSummary: Verbose: Initializing EditorSessionSummaryWriter for editor session tracking
[2023.02.05-15.44.56:490][  0]LogEditorSessionSummary: EditorSessionSummaryWriter initialized
[2023.02.05-15.44.56:517][  0]LogInit: Transaction tracking system initialized
[2023.02.05-15.44.56:538][  0]BlueprintLog: New page: Editor Load
[2023.02.05-15.44.56:591][  0]LocalizationService: Localization service is disabled
[2023.02.05-15.44.56:612][  0]TimingProfiler: Initialize
[2023.02.05-15.44.56:612][  0]TimingProfiler: OnSessionChanged
[2023.02.05-15.44.56:612][  0]LoadingProfiler: Initialize
[2023.02.05-15.44.56:612][  0]LoadingProfiler: OnSessionChanged
[2023.02.05-15.44.56:612][  0]NetworkingProfiler: Initialize
[2023.02.05-15.44.56:612][  0]NetworkingProfiler: OnSessionChanged
[2023.02.05-15.44.56:612][  0]MemoryProfiler: Initialize
[2023.02.05-15.44.56:612][  0]MemoryProfiler: OnSessionChanged
[2023.02.05-15.44.56:741][  0]LogCook: Display: CookSettings for Memory: MemoryMaxUsedVirtual 0MiB, MemoryMaxUsedPhysical 16384MiB, MemoryMinFreeVirtual 0MiB, MemoryMinFreePhysical 1024MiB
[2023.02.05-15.44.56:741][  0]LogCook: Display: Mobile HDR setting 1
[2023.02.05-15.44.56:788][  0]LogFileCache: Scanning file cache for directory 'D:/Documents/GitHub/TeamNameMissing/GameJam23/Content/' took 0.00s
[2023.02.05-15.44.57:085][  0]LogInit: Display: Engine is initialized. Leaving FEngineLoop::Init()
[2023.02.05-15.44.57:088][  0]SourceControl: Source control is disabled
[2023.02.05-15.44.57:088][  0]LogUnrealEdMisc: Loading editor; pre map load, took 8.339
[2023.02.05-15.44.57:088][  0]Cmd: MAP LOAD FILE="../../../../../Documents/GitHub/TeamNameMissing/GameJam23/Content/Assets_Julia/Scenes/Level1.umap" TEMPLATE=0 SHOWPROGRESS=1 FEATURELEVEL=3
[2023.02.05-15.44.57:088][  0]LightingResults: New page: Lighting Build
[2023.02.05-15.44.57:089][  0]LogWorld: UWorld::CleanupWorld for Untitled, bSessionEnded=true, bCleanupResources=true
[2023.02.05-15.44.57:089][  0]LogSlate: InvalidateAllWidgets triggered.  All widgets were invalidated
[2023.02.05-15.44.57:089][  0]MapCheck: New page: Map Check
[2023.02.05-15.44.57:089][  0]LightingResults: New page: Lighting Build
[2023.02.05-15.44.57:093][  0]LogAudio: Display: Audio Device unregistered from world 'None'.
[2023.02.05-15.44.57:096][  0]LogUObjectHash: Compacting FUObjectHashTables data took   0.88ms
[2023.02.05-15.44.57:288][  0]LogAudio: Display: Audio Device (ID: 1) registered with world 'Level1'.
[2023.02.05-15.44.57:289][  0]LogAIModule: Creating AISystem for world Level1
[2023.02.05-15.44.57:296][  0]LogEditorServer: Finished looking for orphan Actors (0.000 secs)
[2023.02.05-15.44.57:303][  0]LogUObjectHash: Compacting FUObjectHashTables data took   0.98ms
[2023.02.05-15.44.57:304][  0]Cmd: MAP CHECKDEP NOCLEARLOG
[2023.02.05-15.44.57:304][  0]MapCheck: Map check complete: 0 Error(s), 0 Warning(s), took 0.107ms to complete.
[2023.02.05-15.44.57:304][  0]LogFileHelpers: Loading map 'Level1' took 0.216
[2023.02.05-15.44.57:306][  0]LogUnrealEdMisc: Total Editor Startup Time, took 8.557
[2023.02.05-15.44.57:401][  0]LogSlate: Updating window title bar state: overlay mode, drag disabled, window buttons hidden, title bar hidden
[2023.02.05-15.44.57:407][  0]LogSlate: Updating window title bar state: overlay mode, drag disabled, window buttons hidden, title bar hidden
[2023.02.05-15.44.57:413][  0]LogSlate: Updating window title bar state: overlay mode, drag disabled, window buttons hidden, title bar hidden
[2023.02.05-15.44.57:420][  0]LogSlate: Updating window title bar state: overlay mode, drag disabled, window buttons hidden, title bar hidden
[2023.02.05-15.44.57:436][  0]LogNativeClassHierarchy: Verbose: Native class hierarchy populated in 0.0119 seconds. Added 3822 classes and 928 folders.
[2023.02.05-15.44.57:455][  0]LogNativeClassHierarchy: Verbose: Native class hierarchy updated for 'WidgetCarousel' in 0.0002 seconds. Added 0 classes and 0 folders.
[2023.02.05-15.44.57:457][  0]LogPakFile: PakFile PrimaryIndexSize=187
[2023.02.05-15.44.57:457][  0]LogPakFile: PakFile PathHashIndexSize=101
[2023.02.05-15.44.57:457][  0]LogPakFile: PakFile FullDirectoryIndexSize=148
[2023.02.05-15.44.57:457][  0]LogShaderLibrary: Display: ShaderCodeLibraryPakFileMountedCallback: PakFile 'D:/Saved Games/UE_4.27/FeaturePacks/FP_FirstPerson.upack' (chunk index -1, root 'root:/') mounted
[2023.02.05-15.44.57:457][  0]LogShaderLibrary: Display: ShaderCodeLibraryPakFileMountedCallback: pending pak file info (ChunkID:-1 Root:root:/ File:D:/Saved Games/UE_4.27/FeaturePacks/FP_FirstPerson.upack)
[2023.02.05-15.44.57:457][  0]LogPakFile: OnPakFileMounted2Time == 0.000048
[2023.02.05-15.44.57:458][  0]LogPakFile: PakFile PrimaryIndexSize=189
[2023.02.05-15.44.57:458][  0]LogPakFile: PakFile PathHashIndexSize=101
[2023.02.05-15.44.57:458][  0]LogPakFile: PakFile FullDirectoryIndexSize=152
[2023.02.05-15.44.57:458][  0]LogShaderLibrary: Display: ShaderCodeLibraryPakFileMountedCallback: PakFile 'D:/Saved Games/UE_4.27/FeaturePacks/FP_FirstPersonBP.upack' (chunk index -1, root 'root:/') mounted
[2023.02.05-15.44.57:458][  0]LogShaderLibrary: Display: ShaderCodeLibraryPakFileMountedCallback: pending pak file info (ChunkID:-1 Root:root:/ File:D:/Saved Games/UE_4.27/FeaturePacks/FP_FirstPersonBP.upack)
[2023.02.05-15.44.57:458][  0]LogPakFile: OnPakFileMounted2Time == 0.000032
[2023.02.05-15.44.57:459][  0]LogPakFile: PakFile PrimaryIndexSize=191
[2023.02.05-15.44.57:459][  0]LogPakFile: PakFile PathHashIndexSize=101
[2023.02.05-15.44.57:459][  0]LogPakFile: PakFile FullDirectoryIndexSize=160
[2023.02.05-15.44.57:459][  0]LogShaderLibrary: Display: ShaderCodeLibraryPakFileMountedCallback: PakFile 'D:/Saved Games/UE_4.27/FeaturePacks/MobileStarterContent.upack' (chunk index -1, root 'root:/') mounted
[2023.02.05-15.44.57:459][  0]LogShaderLibrary: Display: ShaderCodeLibraryPakFileMountedCallback: pending pak file info (ChunkID:-1 Root:root:/ File:D:/Saved Games/UE_4.27/FeaturePacks/MobileStarterContent.upack)
[2023.02.05-15.44.57:459][  0]LogPakFile: OnPakFileMounted2Time == 0.000029
[2023.02.05-15.44.57:459][  0]LogPakFile: PakFile PrimaryIndexSize=185
[2023.02.05-15.44.57:459][  0]LogPakFile: PakFile PathHashIndexSize=101
[2023.02.05-15.44.57:460][  0]LogPakFile: PakFile FullDirectoryIndexSize=148
[2023.02.05-15.44.57:460][  0]LogShaderLibrary: Display: ShaderCodeLibraryPakFileMountedCallback: PakFile 'D:/Saved Games/UE_4.27/FeaturePacks/StarterContent.upack' (chunk index -1, root 'root:/') mounted
[2023.02.05-15.44.57:460][  0]LogShaderLibrary: Display: ShaderCodeLibraryPakFileMountedCallback: pending pak file info (ChunkID:-1 Root:root:/ File:D:/Saved Games/UE_4.27/FeaturePacks/StarterContent.upack)
[2023.02.05-15.44.57:460][  0]LogPakFile: OnPakFileMounted2Time == 0.000033
[2023.02.05-15.44.57:460][  0]LogPakFile: PakFile PrimaryIndexSize=190
[2023.02.05-15.44.57:460][  0]LogPakFile: PakFile PathHashIndexSize=101
[2023.02.05-15.44.57:460][  0]LogPakFile: PakFile FullDirectoryIndexSize=154
[2023.02.05-15.44.57:460][  0]LogShaderLibrary: Display: ShaderCodeLibraryPakFileMountedCallback: PakFile 'D:/Saved Games/UE_4.27/FeaturePacks/TP_2DSideScroller.upack' (chunk index -1, root 'root:/') mounted
[2023.02.05-15.44.57:460][  0]LogShaderLibrary: Display: ShaderCodeLibraryPakFileMountedCallback: pending pak file info (ChunkID:-1 Root:root:/ File:D:/Saved Games/UE_4.27/FeaturePacks/TP_2DSideScroller.upack)
[2023.02.05-15.44.57:460][  0]LogPakFile: OnPakFileMounted2Time == 0.000044
[2023.02.05-15.44.57:461][  0]LogPakFile: PakFile PrimaryIndexSize=192
[2023.02.05-15.44.57:461][  0]LogPakFile: PakFile PathHashIndexSize=101
[2023.02.05-15.44.57:461][  0]LogPakFile: PakFile FullDirectoryIndexSize=158
[2023.02.05-15.44.57:461][  0]LogShaderLibrary: Display: ShaderCodeLibraryPakFileMountedCallback: PakFile 'D:/Saved Games/UE_4.27/FeaturePacks/TP_2DSideScrollerBP.upack' (chunk index -1, root 'root:/') mounted
[2023.02.05-15.44.57:461][  0]LogShaderLibrary: Display: ShaderCodeLibraryPakFileMountedCallback: pending pak file info (ChunkID:-1 Root:root:/ File:D:/Saved Games/UE_4.27/FeaturePacks/TP_2DSideScrollerBP.upack)
[2023.02.05-15.44.57:461][  0]LogPakFile: OnPakFileMounted2Time == 0.000034
[2023.02.05-15.44.57:462][  0]LogPakFile: PakFile PrimaryIndexSize=182
[2023.02.05-15.44.57:462][  0]LogPakFile: PakFile PathHashIndexSize=101
[2023.02.05-15.44.57:462][  0]LogPakFile: PakFile FullDirectoryIndexSize=138
[2023.02.05-15.44.57:462][  0]LogShaderLibrary: Display: ShaderCodeLibraryPakFileMountedCallback: PakFile 'D:/Saved Games/UE_4.27/FeaturePacks/TP_Flying.upack' (chunk index -1, root 'root:/') mounted
[2023.02.05-15.44.57:462][  0]LogShaderLibrary: Display: ShaderCodeLibraryPakFileMountedCallback: pending pak file info (ChunkID:-1 Root:root:/ File:D:/Saved Games/UE_4.27/FeaturePacks/TP_Flying.upack)
[2023.02.05-15.44.57:462][  0]LogPakFile: OnPakFileMounted2Time == 0.000028
[2023.02.05-15.44.57:463][  0]LogPakFile: PakFile PrimaryIndexSize=184
[2023.02.05-15.44.57:463][  0]LogPakFile: PakFile PathHashIndexSize=101
[2023.02.05-15.44.57:463][  0]LogPakFile: PakFile FullDirectoryIndexSize=142
[2023.02.05-15.44.57:463][  0]LogShaderLibrary: Display: ShaderCodeLibraryPakFileMountedCallback: PakFile 'D:/Saved Games/UE_4.27/FeaturePacks/TP_FlyingBP.upack' (chunk index -1, root 'root:/') mounted
[2023.02.05-15.44.57:463][  0]LogShaderLibrary: Display: ShaderCodeLibraryPakFileMountedCallback: pending pak file info (ChunkID:-1 Root:root:/ File:D:/Saved Games/UE_4.27/FeaturePacks/TP_FlyingBP.upack)
[2023.02.05-15.44.57:463][  0]LogPakFile: OnPakFileMounted2Time == 0.000036
[2023.02.05-15.44.57:464][  0]LogPakFile: PakFile PrimaryIndexSize=188
[2023.02.05-15.44.57:464][  0]LogPakFile: PakFile PathHashIndexSize=101
[2023.02.05-15.44.57:464][  0]LogPakFile: PakFile FullDirectoryIndexSize=150
[2023.02.05-15.44.57:464][  0]LogShaderLibrary: Display: ShaderCodeLibraryPakFileMountedCallback: PakFile 'D:/Saved Games/UE_4.27/FeaturePacks/TP_HandheldARBP.upack' (chunk index -1, root 'root:/') mounted
[2023.02.05-15.44.57:464][  0]LogShaderLibrary: Display: ShaderCodeLibraryPakFileMountedCallback: pending pak file info (ChunkID:-1 Root:root:/ File:D:/Saved Games/UE_4.27/FeaturePacks/TP_HandheldARBP.upack)
[2023.02.05-15.44.57:464][  0]LogPakFile: OnPakFileMounted2Time == 0.000027
[2023.02.05-15.44.57:465][  0]LogPakFile: PakFile PrimaryIndexSize=182
[2023.02.05-15.44.57:465][  0]LogPakFile: PakFile PathHashIndexSize=101
[2023.02.05-15.44.57:465][  0]LogPakFile: PakFile FullDirectoryIndexSize=138
[2023.02.05-15.44.57:465][  0]LogShaderLibrary: Display: ShaderCodeLibraryPakFileMountedCallback: PakFile 'D:/Saved Games/UE_4.27/FeaturePacks/TP_Puzzle.upack' (chunk index -1, root 'root:/') mounted
[2023.02.05-15.44.57:465][  0]LogShaderLibrary: Display: ShaderCodeLibraryPakFileMountedCallback: pending pak file info (ChunkID:-1 Root:root:/ File:D:/Saved Games/UE_4.27/FeaturePacks/TP_Puzzle.upack)
[2023.02.05-15.44.57:465][  0]LogPakFile: OnPakFileMounted2Time == 0.000029
[2023.02.05-15.44.57:465][  0]LogPakFile: PakFile PrimaryIndexSize=184
[2023.02.05-15.44.57:465][  0]LogPakFile: PakFile PathHashIndexSize=101
[2023.02.05-15.44.57:465][  0]LogPakFile: PakFile FullDirectoryIndexSize=142
[2023.02.05-15.44.57:465][  0]LogShaderLibrary: Display: ShaderCodeLibraryPakFileMountedCallback: PakFile 'D:/Saved Games/UE_4.27/FeaturePacks/TP_PuzzleBP.upack' (chunk index -1, root 'root:/') mounted
[2023.02.05-15.44.57:465][  0]LogShaderLibrary: Display: ShaderCodeLibraryPakFileMountedCallback: pending pak file info (ChunkID:-1 Root:root:/ File:D:/Saved Games/UE_4.27/FeaturePacks/TP_PuzzleBP.upack)
[2023.02.05-15.44.57:465][  0]LogPakFile: OnPakFileMounted2Time == 0.000027
[2023.02.05-15.44.57:467][  0]LogPakFile: PakFile PrimaryIndexSize=183
[2023.02.05-15.44.57:467][  0]LogPakFile: PakFile PathHashIndexSize=101
[2023.02.05-15.44.57:467][  0]LogPakFile: PakFile FullDirectoryIndexSize=140
[2023.02.05-15.44.57:467][  0]LogShaderLibrary: Display: ShaderCodeLibraryPakFileMountedCallback: PakFile 'D:/Saved Games/UE_4.27/FeaturePacks/TP_Rolling.upack' (chunk index -1, root 'root:/') mounted
[2023.02.05-15.44.57:467][  0]LogShaderLibrary: Display: ShaderCodeLibraryPakFileMountedCallback: pending pak file info (ChunkID:-1 Root:root:/ File:D:/Saved Games/UE_4.27/FeaturePacks/TP_Rolling.upack)
[2023.02.05-15.44.57:467][  0]LogPakFile: OnPakFileMounted2Time == 0.000050
[2023.02.05-15.44.57:468][  0]LogPakFile: PakFile PrimaryIndexSize=185
[2023.02.05-15.44.57:468][  0]LogPakFile: PakFile PathHashIndexSize=101
[2023.02.05-15.44.57:468][  0]LogPakFile: PakFile FullDirectoryIndexSize=144
[2023.02.05-15.44.57:468][  0]LogShaderLibrary: Display: ShaderCodeLibraryPakFileMountedCallback: PakFile 'D:/Saved Games/UE_4.27/FeaturePacks/TP_RollingBP.upack' (chunk index -1, root 'root:/') mounted
[2023.02.05-15.44.57:468][  0]LogShaderLibrary: Display: ShaderCodeLibraryPakFileMountedCallback: pending pak file info (ChunkID:-1 Root:root:/ File:D:/Saved Games/UE_4.27/FeaturePacks/TP_RollingBP.upack)
[2023.02.05-15.44.57:468][  0]LogPakFile: OnPakFileMounted2Time == 0.000045
[2023.02.05-15.44.57:469][  0]LogPakFile: PakFile PrimaryIndexSize=188
[2023.02.05-15.44.57:469][  0]LogPakFile: PakFile PathHashIndexSize=101
[2023.02.05-15.44.57:469][  0]LogPakFile: PakFile FullDirectoryIndexSize=150
[2023.02.05-15.44.57:469][  0]LogShaderLibrary: Display: ShaderCodeLibraryPakFileMountedCallback: PakFile 'D:/Saved Games/UE_4.27/FeaturePacks/TP_SideScroller.upack' (chunk index -1, root 'root:/') mounted
[2023.02.05-15.44.57:469][  0]LogShaderLibrary: Display: ShaderCodeLibraryPakFileMountedCallback: pending pak file info (ChunkID:-1 Root:root:/ File:D:/Saved Games/UE_4.27/FeaturePacks/TP_SideScroller.upack)
[2023.02.05-15.44.57:469][  0]LogPakFile: OnPakFileMounted2Time == 0.000032
[2023.02.05-15.44.57:470][  0]LogPakFile: PakFile PrimaryIndexSize=190
[2023.02.05-15.44.57:470][  0]LogPakFile: PakFile PathHashIndexSize=101
[2023.02.05-15.44.57:470][  0]LogPakFile: PakFile FullDirectoryIndexSize=154
[2023.02.05-15.44.57:470][  0]LogShaderLibrary: Display: ShaderCodeLibraryPakFileMountedCallback: PakFile 'D:/Saved Games/UE_4.27/FeaturePacks/TP_SideScrollerBP.upack' (chunk index -1, root 'root:/') mounted
[2023.02.05-15.44.57:470][  0]LogShaderLibrary: Display: ShaderCodeLibraryPakFileMountedCallback: pending pak file info (ChunkID:-1 Root:root:/ File:D:/Saved Games/UE_4.27/FeaturePacks/TP_SideScrollerBP.upack)
[2023.02.05-15.44.57:470][  0]LogPakFile: OnPakFileMounted2Time == 0.000032
[2023.02.05-15.44.57:471][  0]LogPakFile: PakFile PrimaryIndexSize=187
[2023.02.05-15.44.57:471][  0]LogPakFile: PakFile PathHashIndexSize=101
[2023.02.05-15.44.57:471][  0]LogPakFile: PakFile FullDirectoryIndexSize=148
[2023.02.05-15.44.57:471][  0]LogShaderLibrary: Display: ShaderCodeLibraryPakFileMountedCallback: PakFile 'D:/Saved Games/UE_4.27/FeaturePacks/TP_ThirdPerson.upack' (chunk index -1, root 'root:/') mounted
[2023.02.05-15.44.57:471][  0]LogShaderLibrary: Display: ShaderCodeLibraryPakFileMountedCallback: pending pak file info (ChunkID:-1 Root:root:/ File:D:/Saved Games/UE_4.27/FeaturePacks/TP_ThirdPerson.upack)
[2023.02.05-15.44.57:471][  0]LogPakFile: OnPakFileMounted2Time == 0.000028
[2023.02.05-15.44.57:472][  0]LogPakFile: PakFile PrimaryIndexSize=189
[2023.02.05-15.44.57:472][  0]LogPakFile: PakFile PathHashIndexSize=101
[2023.02.05-15.44.57:472][  0]LogPakFile: PakFile FullDirectoryIndexSize=152
[2023.02.05-15.44.57:472][  0]LogShaderLibrary: Display: ShaderCodeLibraryPakFileMountedCallback: PakFile 'D:/Saved Games/UE_4.27/FeaturePacks/TP_ThirdPersonBP.upack' (chunk index -1, root 'root:/') mounted
[2023.02.05-15.44.57:472][  0]LogShaderLibrary: Display: ShaderCodeLibraryPakFileMountedCallback: pending pak file info (ChunkID:-1 Root:root:/ File:D:/Saved Games/UE_4.27/FeaturePacks/TP_ThirdPersonBP.upack)
[2023.02.05-15.44.57:472][  0]LogPakFile: OnPakFileMounted2Time == 0.000035
[2023.02.05-15.44.57:473][  0]LogPakFile: PakFile PrimaryIndexSize=183
[2023.02.05-15.44.57:473][  0]LogPakFile: PakFile PathHashIndexSize=101
[2023.02.05-15.44.57:473][  0]LogPakFile: PakFile FullDirectoryIndexSize=140
[2023.02.05-15.44.57:473][  0]LogShaderLibrary: Display: ShaderCodeLibraryPakFileMountedCallback: PakFile 'D:/Saved Games/UE_4.27/FeaturePacks/TP_TopDown.upack' (chunk index -1, root 'root:/') mounted
[2023.02.05-15.44.57:473][  0]LogShaderLibrary: Display: ShaderCodeLibraryPakFileMountedCallback: pending pak file info (ChunkID:-1 Root:root:/ File:D:/Saved Games/UE_4.27/FeaturePacks/TP_TopDown.upack)
[2023.02.05-15.44.57:473][  0]LogPakFile: OnPakFileMounted2Time == 0.000058
[2023.02.05-15.44.57:474][  0]LogPakFile: PakFile PrimaryIndexSize=185
[2023.02.05-15.44.57:474][  0]LogPakFile: PakFile PathHashIndexSize=101
[2023.02.05-15.44.57:474][  0]LogPakFile: PakFile FullDirectoryIndexSize=144
[2023.02.05-15.44.57:474][  0]LogShaderLibrary: Display: ShaderCodeLibraryPakFileMountedCallback: PakFile 'D:/Saved Games/UE_4.27/FeaturePacks/TP_TopDownBP.upack' (chunk index -1, root 'root:/') mounted
[2023.02.05-15.44.57:474][  0]LogShaderLibrary: Display: ShaderCodeLibraryPakFileMountedCallback: pending pak file info (ChunkID:-1 Root:root:/ File:D:/Saved Games/UE_4.27/FeaturePacks/TP_TopDownBP.upack)
[2023.02.05-15.44.57:474][  0]LogPakFile: OnPakFileMounted2Time == 0.000072
[2023.02.05-15.44.57:476][  0]LogPakFile: PakFile PrimaryIndexSize=185
[2023.02.05-15.44.57:476][  0]LogPakFile: PakFile PathHashIndexSize=101
[2023.02.05-15.44.57:476][  0]LogPakFile: PakFile FullDirectoryIndexSize=144
[2023.02.05-15.44.57:476][  0]LogShaderLibrary: Display: ShaderCodeLibraryPakFileMountedCallback: PakFile 'D:/Saved Games/UE_4.27/FeaturePacks/TP_TwinStick.upack' (chunk index -1, root 'root:/') mounted
[2023.02.05-15.44.57:476][  0]LogShaderLibrary: Display: ShaderCodeLibraryPakFileMountedCallback: pending pak file info (ChunkID:-1 Root:root:/ File:D:/Saved Games/UE_4.27/FeaturePacks/TP_TwinStick.upack)
[2023.02.05-15.44.57:476][  0]LogPakFile: OnPakFileMounted2Time == 0.000047
[2023.02.05-15.44.57:477][  0]LogPakFile: PakFile PrimaryIndexSize=187
[2023.02.05-15.44.57:477][  0]LogPakFile: PakFile PathHashIndexSize=101
[2023.02.05-15.44.57:477][  0]LogPakFile: PakFile FullDirectoryIndexSize=148
[2023.02.05-15.44.57:477][  0]LogShaderLibrary: Display: ShaderCodeLibraryPakFileMountedCallback: PakFile 'D:/Saved Games/UE_4.27/FeaturePacks/TP_TwinStickBP.upack' (chunk index -1, root 'root:/') mounted
[2023.02.05-15.44.57:477][  0]LogShaderLibrary: Display: ShaderCodeLibraryPakFileMountedCallback: pending pak file info (ChunkID:-1 Root:root:/ File:D:/Saved Games/UE_4.27/FeaturePacks/TP_TwinStickBP.upack)
[2023.02.05-15.44.57:477][  0]LogPakFile: OnPakFileMounted2Time == 0.000042
[2023.02.05-15.44.57:478][  0]LogPakFile: PakFile PrimaryIndexSize=183
[2023.02.05-15.44.57:478][  0]LogPakFile: PakFile PathHashIndexSize=101
[2023.02.05-15.44.57:478][  0]LogPakFile: PakFile FullDirectoryIndexSize=140
[2023.02.05-15.44.57:478][  0]LogShaderLibrary: Display: ShaderCodeLibraryPakFileMountedCallback: PakFile 'D:/Saved Games/UE_4.27/FeaturePacks/TP_Vehicle.upack' (chunk index -1, root 'root:/') mounted
[2023.02.05-15.44.57:478][  0]LogShaderLibrary: Display: ShaderCodeLibraryPakFileMountedCallback: pending pak file info (ChunkID:-1 Root:root:/ File:D:/Saved Games/UE_4.27/FeaturePacks/TP_Vehicle.upack)
[2023.02.05-15.44.57:478][  0]LogPakFile: OnPakFileMounted2Time == 0.000040
[2023.02.05-15.44.57:479][  0]LogPakFile: PakFile PrimaryIndexSize=186
[2023.02.05-15.44.57:479][  0]LogPakFile: PakFile PathHashIndexSize=101
[2023.02.05-15.44.57:479][  0]LogPakFile: PakFile FullDirectoryIndexSize=146
[2023.02.05-15.44.57:479][  0]LogShaderLibrary: Display: ShaderCodeLibraryPakFileMountedCallback: PakFile 'D:/Saved Games/UE_4.27/FeaturePacks/TP_VehicleAdv.upack' (chunk index -1, root 'root:/') mounted
[2023.02.05-15.44.57:479][  0]LogShaderLibrary: Display: ShaderCodeLibraryPakFileMountedCallback: pending pak file info (ChunkID:-1 Root:root:/ File:D:/Saved Games/UE_4.27/FeaturePacks/TP_VehicleAdv.upack)
[2023.02.05-15.44.57:479][  0]LogPakFile: OnPakFileMounted2Time == 0.000038
[2023.02.05-15.44.57:480][  0]LogPakFile: PakFile PrimaryIndexSize=188
[2023.02.05-15.44.57:480][  0]LogPakFile: PakFile PathHashIndexSize=101
[2023.02.05-15.44.57:480][  0]LogPakFile: PakFile FullDirectoryIndexSize=150
[2023.02.05-15.44.57:480][  0]LogShaderLibrary: Display: ShaderCodeLibraryPakFileMountedCallback: PakFile 'D:/Saved Games/UE_4.27/FeaturePacks/TP_VehicleAdvBP.upack' (chunk index -1, root 'root:/') mounted
[2023.02.05-15.44.57:480][  0]LogShaderLibrary: Display: ShaderCodeLibraryPakFileMountedCallback: pending pak file info (ChunkID:-1 Root:root:/ File:D:/Saved Games/UE_4.27/FeaturePacks/TP_VehicleAdvBP.upack)
[2023.02.05-15.44.57:480][  0]LogPakFile: OnPakFileMounted2Time == 0.000037
[2023.02.05-15.44.57:481][  0]LogPakFile: PakFile PrimaryIndexSize=185
[2023.02.05-15.44.57:481][  0]LogPakFile: PakFile PathHashIndexSize=101
[2023.02.05-15.44.57:481][  0]LogPakFile: PakFile FullDirectoryIndexSize=144
[2023.02.05-15.44.57:481][  0]LogShaderLibrary: Display: ShaderCodeLibraryPakFileMountedCallback: PakFile 'D:/Saved Games/UE_4.27/FeaturePacks/TP_VehicleBP.upack' (chunk index -1, root 'root:/') mounted
[2023.02.05-15.44.57:481][  0]LogShaderLibrary: Display: ShaderCodeLibraryPakFileMountedCallback: pending pak file info (ChunkID:-1 Root:root:/ File:D:/Saved Games/UE_4.27/FeaturePacks/TP_VehicleBP.upack)
[2023.02.05-15.44.57:481][  0]LogPakFile: OnPakFileMounted2Time == 0.000038
[2023.02.05-15.44.57:482][  0]LogPakFile: PakFile PrimaryIndexSize=192
[2023.02.05-15.44.57:482][  0]LogPakFile: PakFile PathHashIndexSize=101
[2023.02.05-15.44.57:482][  0]LogPakFile: PakFile FullDirectoryIndexSize=158
[2023.02.05-15.44.57:482][  0]LogShaderLibrary: Display: ShaderCodeLibraryPakFileMountedCallback: PakFile 'D:/Saved Games/UE_4.27/FeaturePacks/TP_VirtualRealityBP.upack' (chunk index -1, root 'root:/') mounted
[2023.02.05-15.44.57:482][  0]LogShaderLibrary: Display: ShaderCodeLibraryPakFileMountedCallback: pending pak file info (ChunkID:-1 Root:root:/ File:D:/Saved Games/UE_4.27/FeaturePacks/TP_VirtualRealityBP.upack)
[2023.02.05-15.44.57:482][  0]LogPakFile: OnPakFileMounted2Time == 0.000038
[2023.02.05-15.44.57:571][  0]LogNativeClassHierarchy: Verbose: Native class hierarchy updated for 'AddContentDialog' in 0.0004 seconds. Added 0 classes and 0 folders.
[2023.02.05-15.44.57:632][  0]LogNativeClassHierarchy: Verbose: Native class hierarchy updated for 'WorldBrowser' in 0.0003 seconds. Added 2 classes and 3 folders.
[2023.02.05-15.44.57:654][  0]LogSlate: Took 0.000338 seconds to synchronously load lazily loaded font '../../../Engine/Content/Slate/Fonts/Roboto-Regular.ttf' (155K)
[2023.02.05-15.44.57:655][  0]LogSlate: Took 0.000274 seconds to synchronously load lazily loaded font '../../../Engine/Content/Editor/Slate/Fonts/FontAwesome.ttf' (139K)
[2023.02.05-15.44.57:656][  0]LogSlate: Took 0.000456 seconds to synchronously load lazily loaded font '../../../Engine/Content/Slate/Fonts/Roboto-Bold.ttf' (160K)
[2023.02.05-15.44.58:750][  0]LogRenderer: Reallocating scene render targets to support 1152x652 Format 10 NumSamples 1 (Frame:1).
[2023.02.05-15.44.59:279][  0]LogSlate: Took 0.000285 seconds to synchronously load lazily loaded font '../../../Engine/Content/Slate/Fonts/Roboto-Light.ttf' (167K)
[2023.02.05-15.44.59:327][  0]LogNativeClassHierarchy: Verbose: Native class hierarchy updated for 'HierarchicalLODOutliner' in 0.0002 seconds. Added 0 classes and 0 folders.
[2023.02.05-15.44.59:327][  0]LogLoad: (Engine Initialization) Total time: 10.58 seconds
[2023.02.05-15.44.59:327][  0]LogLoad: (Engine Initialization) Total Blueprint compile time: 0.00 seconds
[2023.02.05-15.44.59:396][  0]LogAssetRegistry: Asset discovery search completed in 5.6434 seconds
[2023.02.05-15.44.59:402][  0]LogCollectionManager: Fixed up redirectors for 0 collections in 0.000001 seconds (updated 0 objects)
[2023.02.05-15.44.59:402][  0]LogContentStreaming: Texture pool size now 1000 MB
[2023.02.05-15.45.03:518][471]LogTemp: Repeating last play command: Selected Viewport
[2023.02.05-15.45.03:522][471]LogPlayLevel: PlayLevel: No blueprints needed recompiling
[2023.02.05-15.45.03:523][471]PIE: New page: PIE session: Level1 (Feb 5, 2023, 5:45:03 PM)
[2023.02.05-15.45.03:524][471]LogOnline: OSS: Creating online subsystem instance for: NULL
[2023.02.05-15.45.03:525][471]LogOnline: OSS: TryLoadSubsystemAndSetDefault: Loaded subsystem for module [NULL]
[2023.02.05-15.45.03:525][471]LogPlayLevel: Creating play world package: /Game/Assets_Julia/Scenes/UEDPIE_0_Level1
[2023.02.05-15.45.03:528][471]LogPlayLevel: PIE: StaticDuplicateObject took: (0.002913s)
[2023.02.05-15.45.03:529][471]LogAIModule: Creating AISystem for world Level1
[2023.02.05-15.45.03:529][471]LogPlayLevel: PIE: World Init took: (0.001160s)
[2023.02.05-15.45.03:529][471]LogPlayLevel: PIE: Created PIE world by copying editor world from /Game/Assets_Julia/Scenes/Level1.Level1 to /Game/Assets_Julia/Scenes/UEDPIE_0_Level1.Level1 (0.004188s)
[2023.02.05-15.45.03:533][471]LogUObjectHash: Compacting FUObjectHashTables data took   0.66ms
[2023.02.05-15.45.03:534][471]LogAudio: Display: Creating Audio Device:                 Id: 2, Scope: Unique, Realtime: True
[2023.02.05-15.45.03:534][471]LogAudioMixer: Display: Audio Mixer Platform Settings:
[2023.02.05-15.45.03:534][471]LogAudioMixer: Display: 	Sample Rate:						  48000
[2023.02.05-15.45.03:534][471]LogAudioMixer: Display: 	Callback Buffer Frame Size Requested: 1024
[2023.02.05-15.45.03:534][471]LogAudioMixer: Display: 	Callback Buffer Frame Size To Use:	  1024
[2023.02.05-15.45.03:534][471]LogAudioMixer: Display: 	Number of buffers to queue:			  2
[2023.02.05-15.45.03:534][471]LogAudioMixer: Display: 	Max Channels (voices):				  32
[2023.02.05-15.45.03:534][471]LogAudioMixer: Display: 	Number of Async Source Workers:		  0
[2023.02.05-15.45.03:534][471]LogAudio: Display: AudioDevice MaxSources: 32
[2023.02.05-15.45.03:535][471]LogAudio: Display: Audio Spatialization Plugin: None (built-in).
[2023.02.05-15.45.03:535][471]LogAudio: Display: Audio Reverb Plugin: None (built-in).
[2023.02.05-15.45.03:535][471]LogAudio: Display: Audio Occlusion Plugin: None (built-in).
[2023.02.05-15.45.03:535][471]LogAudioMixer: Display: Initializing audio mixer.
[2023.02.05-15.45.03:538][471]LogAudioMixer: Display: 0: FrontLeft
[2023.02.05-15.45.03:538][471]LogAudioMixer: Display: 1: FrontRight
[2023.02.05-15.45.03:553][471]LogAudioMixer: Display: Using Audio Device Altavoces (Realtek(R) Audio)
[2023.02.05-15.45.03:553][471]LogAudioMixer: Display: Initializing Sound Submixes...
[2023.02.05-15.45.03:553][471]LogAudioMixer: Display: Creating Master Submix 'MasterSubmixDefault'
[2023.02.05-15.45.03:553][471]LogAudioMixer: Display: Creating Master Submix 'MasterReverbSubmixDefault'
[2023.02.05-15.45.03:553][471]LogAudioMixer: Display: Creating Master Submix 'MasterEQSubmixDefault'
[2023.02.05-15.45.03:553][471]LogAudioMixer: FMixerPlatformXAudio2::StartAudioStream() called
[2023.02.05-15.45.03:553][471]LogAudioMixer: Display: Output buffers initialized: Frames=1024, Channels=2, Samples=2048
[2023.02.05-15.45.03:554][471]LogAudioMixer: Display: Starting AudioMixerPlatformInterface::RunInternal()
[2023.02.05-15.45.03:554][471]LogAudioMixer: Display: FMixerPlatformXAudio2::SubmitBuffer() called for the first time
[2023.02.05-15.45.03:554][471]LogInit: FAudioDevice initialized.
[2023.02.05-15.45.03:554][471]LogAudio: Display: Audio Device (ID: 2) registered with world 'Level1'.
[2023.02.05-15.45.03:559][471]LogLoad: Game class is 'GameModeBase'
[2023.02.05-15.45.03:560][471]LogWorld: Bringing World /Game/Assets_Julia/Scenes/UEDPIE_0_Level1.Level1 up for play (max tick rate 0) at 2023.02.05-16.45.03
[2023.02.05-15.45.03:561][471]LogWorld: Bringing up level for play took: 0.000567
[2023.02.05-15.45.03:561][471]LogOnline: OSS: Creating online subsystem instance for: :Context_2
[2023.02.05-15.45.03:563][471]LogNativeClassHierarchy: Verbose: Native class hierarchy updated for 'MovieSceneCapture' in 0.0003 seconds. Added 20 classes and 0 folders.
[2023.02.05-15.45.03:572][471]PIE: Server logged in
[2023.02.05-15.45.03:574][471]PIE: Play in editor total start time 0.052 seconds.
[2023.02.05-15.46.14:595][925]LogSlate: Updating window title bar state: overlay mode, drag disabled, window buttons hidden, title bar hidden
[2023.02.05-15.46.14:595][925]LogWorld: BeginTearingDown for /Game/Assets_Julia/Scenes/UEDPIE_0_Level1
[2023.02.05-15.46.14:595][925]LogWorld: UWorld::CleanupWorld for Level1, bSessionEnded=true, bCleanupResources=true
[2023.02.05-15.46.14:596][925]LogSlate: InvalidateAllWidgets triggered.  All widgets were invalidated
[2023.02.05-15.46.14:607][925]LogPlayLevel: Display: Shutting down PIE online subsystems
[2023.02.05-15.46.14:609][925]LogSlate: InvalidateAllWidgets triggered.  All widgets were invalidated
[2023.02.05-15.46.14:612][925]LogAudio: Display: Audio Device unregistered from world 'None'.
[2023.02.05-15.46.14:612][925]LogAudioMixer: FMixerPlatformXAudio2::StopAudioStream() called
[2023.02.05-15.46.14:613][925]LogAudioMixer: FMixerPlatformXAudio2::StopAudioStream() called
[2023.02.05-15.46.14:615][925]LogSlate: Updating window title bar state: overlay mode, drag disabled, window buttons hidden, title bar hidden
[2023.02.05-15.46.14:617][925]LogUObjectHash: Compacting FUObjectHashTables data took   0.70ms
[2023.02.05-15.46.14:665][929]LogPlayLevel: Display: Destroying online subsystem :Context_2
